{"/home/travis/build/npmtest/node-npmtest-sinon/test.js":{"path":"/home/travis/build/npmtest/node-npmtest-sinon/test.js","s":{"1":2,"2":2,"3":2,"4":2,"5":2,"6":2,"7":2,"8":1,"9":2,"10":2,"11":1,"12":1,"13":1,"14":1,"15":2,"16":2,"17":2,"18":2,"19":1,"20":1,"21":2,"22":2,"23":2,"24":1,"25":1,"26":1,"27":1,"28":1,"29":1,"30":1,"31":1,"32":1,"33":1,"34":1,"35":1,"36":2,"37":2,"38":1,"39":2,"40":2,"41":1,"42":2,"43":2,"44":1,"45":1,"46":1,"47":1,"48":1},"b":{"1":[2,1,1,1],"2":[1,1,1,1],"3":[1,1],"4":[1,1],"5":[1,1],"6":[1,1],"7":[1,1],"8":[1,1],"9":[1,1,1],"10":[1,1],"11":[1,1],"12":[1,1],"13":[1,1],"14":[1,1],"15":[1,1]},"f":{"1":2,"2":2,"3":2,"4":2,"5":2,"6":1,"7":1,"8":2,"9":2,"10":2,"11":1},"fnMap":{"1":{"name":"(anonymous_1)","line":12,"loc":{"start":{"line":12,"column":1},"end":{"line":12,"column":13}}},"2":{"name":"(anonymous_2)","line":19,"loc":{"start":{"line":19,"column":5},"end":{"line":19,"column":17}}},"3":{"name":"(anonymous_3)","line":23,"loc":{"start":{"line":23,"column":24},"end":{"line":23,"column":36}}},"4":{"name":"(anonymous_4)","line":61,"loc":{"start":{"line":61,"column":5},"end":{"line":61,"column":17}}},"5":{"name":"(anonymous_5)","line":82,"loc":{"start":{"line":82,"column":5},"end":{"line":82,"column":17}}},"6":{"name":"(anonymous_6)","line":102,"loc":{"start":{"line":102,"column":83},"end":{"line":105,"column":10}},"skip":true},"7":{"name":"(anonymous_7)","line":113,"loc":{"start":{"line":113,"column":77},"end":{"line":116,"column":10}},"skip":true},"8":{"name":"(anonymous_8)","line":127,"loc":{"start":{"line":127,"column":77},"end":{"line":130,"column":10}},"skip":true},"9":{"name":"(anonymous_9)","line":138,"loc":{"start":{"line":138,"column":83},"end":{"line":141,"column":10}},"skip":true},"10":{"name":"(anonymous_10)","line":149,"loc":{"start":{"line":149,"column":79},"end":{"line":152,"column":10}},"skip":true},"11":{"name":"(anonymous_11)","line":160,"loc":{"start":{"line":160,"column":75},"end":{"line":163,"column":10}},"skip":true}},"statementMap":{"1":{"start":{"line":12,"column":0},"end":{"line":175,"column":5}},"2":{"start":{"line":14,"column":4},"end":{"line":14,"column":14}},"3":{"start":{"line":19,"column":4},"end":{"line":56,"column":9}},"4":{"start":{"line":21,"column":8},"end":{"line":21,"column":19}},"5":{"start":{"line":23,"column":8},"end":{"line":35,"column":13}},"6":{"start":{"line":24,"column":12},"end":{"line":34,"column":13}},"7":{"start":{"line":25,"column":16},"end":{"line":28,"column":30}},"8":{"start":{"line":30,"column":16},"end":{"line":33,"column":27}},"9":{"start":{"line":37,"column":8},"end":{"line":39,"column":21}},"10":{"start":{"line":40,"column":8},"end":{"line":53,"column":9}},"11":{"start":{"line":43,"column":12},"end":{"line":46,"column":14}},"12":{"start":{"line":47,"column":12},"end":{"line":47,"column":18}},"13":{"start":{"line":50,"column":12},"end":{"line":51,"column":46}},"14":{"start":{"line":52,"column":12},"end":{"line":52,"column":18}},"15":{"start":{"line":55,"column":8},"end":{"line":55,"column":35}},"16":{"start":{"line":61,"column":4},"end":{"line":63,"column":9}},"17":{"start":{"line":62,"column":8},"end":{"line":62,"column":15}},"18":{"start":{"line":64,"column":4},"end":{"line":77,"column":5}},"19":{"start":{"line":70,"column":8},"end":{"line":70,"column":14}},"20":{"start":{"line":76,"column":8},"end":{"line":76,"column":14}},"21":{"start":{"line":82,"column":4},"end":{"line":84,"column":9}},"22":{"start":{"line":83,"column":8},"end":{"line":83,"column":15}},"23":{"start":{"line":85,"column":4},"end":{"line":174,"column":5}},"24":{"start":{"line":92,"column":8},"end":{"line":94,"column":63}},"25":{"start":{"line":95,"column":8},"end":{"line":95,"column":14}},"26":{"start":{"line":102,"column":8},"end":{"line":111,"column":10},"skip":true},"27":{"start":{"line":109,"column":12},"end":{"line":109,"column":55},"skip":true},"28":{"start":{"line":110,"column":12},"end":{"line":110,"column":48},"skip":true},"29":{"start":{"line":113,"column":8},"end":{"line":125,"column":10},"skip":true},"30":{"start":{"line":120,"column":12},"end":{"line":120,"column":76},"skip":true},"31":{"start":{"line":121,"column":12},"end":{"line":121,"column":73},"skip":true},"32":{"start":{"line":122,"column":12},"end":{"line":122,"column":74},"skip":true},"33":{"start":{"line":123,"column":12},"end":{"line":123,"column":25},"skip":true},"34":{"start":{"line":124,"column":12},"end":{"line":124,"column":45},"skip":true},"35":{"start":{"line":127,"column":8},"end":{"line":136,"column":10},"skip":true},"36":{"start":{"line":134,"column":12},"end":{"line":134,"column":25},"skip":true},"37":{"start":{"line":135,"column":12},"end":{"line":135,"column":45},"skip":true},"38":{"start":{"line":138,"column":8},"end":{"line":147,"column":10},"skip":true},"39":{"start":{"line":145,"column":12},"end":{"line":145,"column":25},"skip":true},"40":{"start":{"line":146,"column":12},"end":{"line":146,"column":48},"skip":true},"41":{"start":{"line":149,"column":8},"end":{"line":158,"column":10},"skip":true},"42":{"start":{"line":156,"column":12},"end":{"line":156,"column":25},"skip":true},"43":{"start":{"line":157,"column":12},"end":{"line":157,"column":46},"skip":true},"44":{"start":{"line":160,"column":8},"end":{"line":169,"column":10},"skip":true},"45":{"start":{"line":167,"column":12},"end":{"line":167,"column":94},"skip":true},"46":{"start":{"line":168,"column":12},"end":{"line":168,"column":48},"skip":true},"47":{"start":{"line":172,"column":8},"end":{"line":172,"column":35},"skip":true},"48":{"start":{"line":173,"column":8},"end":{"line":173,"column":14},"skip":true}},"branchMap":{"1":{"line":25,"type":"binary-expr","locations":[{"start":{"line":25,"column":23},"end":{"line":25,"column":62}},{"start":{"line":26,"column":20},"end":{"line":26,"column":70}},{"start":{"line":27,"column":20},"end":{"line":27,"column":71}},{"start":{"line":28,"column":20},"end":{"line":28,"column":29}}]},"2":{"line":30,"type":"binary-expr","locations":[{"start":{"line":30,"column":23},"end":{"line":30,"column":37}},{"start":{"line":31,"column":20},"end":{"line":31,"column":61}},{"start":{"line":32,"column":20},"end":{"line":32,"column":70}},{"start":{"line":33,"column":20},"end":{"line":33,"column":26}}]},"3":{"line":37,"type":"cond-expr","locations":[{"start":{"line":38,"column":14},"end":{"line":38,"column":20}},{"start":{"line":39,"column":14},"end":{"line":39,"column":20}}]},"4":{"line":40,"type":"switch","locations":[{"start":{"line":42,"column":8},"end":{"line":47,"column":18}},{"start":{"line":49,"column":8},"end":{"line":52,"column":18}}]},"5":{"line":44,"type":"binary-expr","locations":[{"start":{"line":44,"column":16},"end":{"line":44,"column":44}},{"start":{"line":44,"column":48},"end":{"line":44,"column":66}}]},"6":{"line":50,"type":"binary-expr","locations":[{"start":{"line":50,"column":21},"end":{"line":50,"column":49}},{"start":{"line":50,"column":53},"end":{"line":50,"column":72}}]},"7":{"line":64,"type":"switch","locations":[{"start":{"line":69,"column":4},"end":{"line":70,"column":14}},{"start":{"line":75,"column":4},"end":{"line":76,"column":14}}]},"8":{"line":85,"type":"switch","locations":[{"start":{"line":90,"column":4},"end":{"line":95,"column":14}},{"start":{"line":101,"column":4},"end":{"line":173,"column":14},"skip":true}]},"9":{"line":92,"type":"binary-expr","locations":[{"start":{"line":92,"column":18},"end":{"line":92,"column":32}},{"start":{"line":93,"column":12},"end":{"line":93,"column":53}},{"start":{"line":94,"column":12},"end":{"line":94,"column":61}}]},"10":{"line":102,"type":"binary-expr","locations":[{"start":{"line":102,"column":45},"end":{"line":102,"column":79},"skip":true},{"start":{"line":102,"column":83},"end":{"line":111,"column":9},"skip":true}]},"11":{"line":113,"type":"binary-expr","locations":[{"start":{"line":113,"column":42},"end":{"line":113,"column":73},"skip":true},{"start":{"line":113,"column":77},"end":{"line":125,"column":9},"skip":true}]},"12":{"line":127,"type":"binary-expr","locations":[{"start":{"line":127,"column":42},"end":{"line":127,"column":73},"skip":true},{"start":{"line":127,"column":77},"end":{"line":136,"column":9},"skip":true}]},"13":{"line":138,"type":"binary-expr","locations":[{"start":{"line":138,"column":45},"end":{"line":138,"column":79},"skip":true},{"start":{"line":138,"column":83},"end":{"line":147,"column":9},"skip":true}]},"14":{"line":149,"type":"binary-expr","locations":[{"start":{"line":149,"column":43},"end":{"line":149,"column":75},"skip":true},{"start":{"line":149,"column":79},"end":{"line":158,"column":9},"skip":true}]},"15":{"line":160,"type":"binary-expr","locations":[{"start":{"line":160,"column":41},"end":{"line":160,"column":71},"skip":true},{"start":{"line":160,"column":75},"end":{"line":169,"column":9},"skip":true}]}},"code":["/* istanbul instrument in package npmtest_sinon */","/*jslint","    bitwise: true,","    browser: true,","    maxerr: 8,","    maxlen: 96,","    node: true,","    nomen: true,","    regexp: true,","    stupid: true","*/","(function () {","    'use strict';","    var local;","","","","    // run shared js-env code - pre-init","    (function () {","        // init local","        local = {};","        // init modeJs","        local.modeJs = (function () {","            try {","                return typeof navigator.userAgent === 'string' &&","                    typeof document.querySelector('body') === 'object' &&","                    typeof XMLHttpRequest.prototype.open === 'function' &&","                    'browser';","            } catch (errorCaughtBrowser) {","                return module.exports &&","                    typeof process.versions.node === 'string' &&","                    typeof require('http').createServer === 'function' &&","                    'node';","            }","        }());","        // init global","        local.global = local.modeJs === 'browser'","            ? window","            : global;","        switch (local.modeJs) {","        // re-init local from window.local","        case 'browser':","            local = local.global.utility2.objectSetDefault(","                local.global.utility2_rollup || local.global.local,","                local.global.utility2","            );","            break;","        // re-init local from example.js","        case 'node':","            local = (local.global.utility2_rollup || require('utility2'))","                .requireExampleJsFromReadme();","            break;","        }","        // export local","        local.global.local = local;","    }());","","","","    // run shared js-env code - function","    (function () {","        return;","    }());","    switch (local.modeJs) {","","","","    // run browser js-env code - function","    case 'browser':","        break;","","","","    // run node js-env code - function","    case 'node':","        break;","    }","","","","    // run shared js-env code - post-init","    (function () {","        return;","    }());","    switch (local.modeJs) {","","","","    // run browser js-env code - post-init","    case 'browser':","        // run tests","        local.nop(local.modeTest &&","            document.querySelector('#testRunButton1') &&","            document.querySelector('#testRunButton1').click());","        break;","","","","    // run node js-env code - post-init","    /* istanbul ignore next */","    case 'node':","        local.testCase_buildApidoc_default = local.testCase_buildApidoc_default || function (","            options,","            onError","        ) {","        /*","         * this function will test buildApidoc's default handling-behavior-behavior","         */","            options = { modulePathList: module.paths };","            local.buildApidoc(options, onError);","        };","","        local.testCase_buildApp_default = local.testCase_buildApp_default || function (","            options,","            onError","        ) {","        /*","         * this function will test buildApp's default handling-behavior-behavior","         */","            local.testCase_buildReadme_default(options, local.onErrorThrow);","            local.testCase_buildLib_default(options, local.onErrorThrow);","            local.testCase_buildTest_default(options, local.onErrorThrow);","            options = [];","            local.buildApp(options, onError);","        };","","        local.testCase_buildLib_default = local.testCase_buildLib_default || function (","            options,","            onError","        ) {","        /*","         * this function will test buildLib's default handling-behavior","         */","            options = {};","            local.buildLib(options, onError);","        };","","        local.testCase_buildReadme_default = local.testCase_buildReadme_default || function (","            options,","            onError","        ) {","        /*","         * this function will test buildReadme's default handling-behavior-behavior","         */","            options = {};","            local.buildReadme(options, onError);","        };","","        local.testCase_buildTest_default = local.testCase_buildTest_default || function (","            options,","            onError","        ) {","        /*","         * this function will test buildTest's default handling-behavior","         */","            options = {};","            local.buildTest(options, onError);","        };","","        local.testCase_webpage_default = local.testCase_webpage_default || function (","            options,","            onError","        ) {","        /*","         * this function will test webpage's default handling-behavior","         */","            options = { modeCoverageMerge: true, url: local.serverLocalHost + '?modeTest=1' };","            local.browserTest(options, onError);","        };","","        // run test-server","        local.testRunServer(local);","        break;","    }","}());",""],"l":{"12":2,"14":2,"19":2,"21":2,"23":2,"24":2,"25":2,"30":1,"37":2,"40":2,"43":1,"47":1,"50":1,"52":1,"55":2,"61":2,"62":2,"64":2,"70":1,"76":1,"82":2,"83":2,"85":2,"92":1,"95":1,"102":1,"109":1,"110":1,"113":1,"120":1,"121":1,"122":1,"123":1,"124":1,"127":1,"134":2,"135":2,"138":1,"145":2,"146":2,"149":1,"156":2,"157":2,"160":1,"167":1,"168":1,"172":1,"173":1}},"/home/travis/build/npmtest/node-npmtest-sinon/lib.npmtest_sinon.js":{"path":"/home/travis/build/npmtest/node-npmtest-sinon/lib.npmtest_sinon.js","s":{"1":2,"2":2,"3":2,"4":2,"5":2,"6":2,"7":2,"8":1,"9":2,"10":2,"11":2,"12":2,"13":1,"14":1,"15":1,"16":1},"b":{"1":[2,1,1,1],"2":[1,1,1,1],"3":[1,1],"4":[2,2],"5":[1,1]},"f":{"1":2,"2":2,"3":2},"fnMap":{"1":{"name":"(anonymous_1)","line":12,"loc":{"start":{"line":12,"column":1},"end":{"line":12,"column":13}}},"2":{"name":"(anonymous_2)","line":19,"loc":{"start":{"line":19,"column":5},"end":{"line":19,"column":17}}},"3":{"name":"(anonymous_3)","line":23,"loc":{"start":{"line":23,"column":24},"end":{"line":23,"column":36}}}},"statementMap":{"1":{"start":{"line":12,"column":0},"end":{"line":53,"column":5}},"2":{"start":{"line":14,"column":4},"end":{"line":14,"column":14}},"3":{"start":{"line":19,"column":4},"end":{"line":52,"column":9}},"4":{"start":{"line":21,"column":8},"end":{"line":21,"column":19}},"5":{"start":{"line":23,"column":8},"end":{"line":35,"column":13}},"6":{"start":{"line":24,"column":12},"end":{"line":34,"column":13}},"7":{"start":{"line":25,"column":16},"end":{"line":28,"column":30}},"8":{"start":{"line":30,"column":16},"end":{"line":33,"column":27}},"9":{"start":{"line":37,"column":8},"end":{"line":39,"column":21}},"10":{"start":{"line":41,"column":8},"end":{"line":41,"column":54}},"11":{"start":{"line":43,"column":8},"end":{"line":43,"column":50}},"12":{"start":{"line":45,"column":8},"end":{"line":51,"column":9}},"13":{"start":{"line":46,"column":12},"end":{"line":46,"column":56}},"14":{"start":{"line":48,"column":12},"end":{"line":48,"column":35}},"15":{"start":{"line":49,"column":12},"end":{"line":49,"column":49}},"16":{"start":{"line":50,"column":12},"end":{"line":50,"column":43}}},"branchMap":{"1":{"line":25,"type":"binary-expr","locations":[{"start":{"line":25,"column":23},"end":{"line":25,"column":62}},{"start":{"line":26,"column":20},"end":{"line":26,"column":70}},{"start":{"line":27,"column":20},"end":{"line":27,"column":71}},{"start":{"line":28,"column":20},"end":{"line":28,"column":29}}]},"2":{"line":30,"type":"binary-expr","locations":[{"start":{"line":30,"column":23},"end":{"line":30,"column":37}},{"start":{"line":31,"column":20},"end":{"line":31,"column":61}},{"start":{"line":32,"column":20},"end":{"line":32,"column":70}},{"start":{"line":33,"column":20},"end":{"line":33,"column":26}}]},"3":{"line":37,"type":"cond-expr","locations":[{"start":{"line":38,"column":14},"end":{"line":38,"column":20}},{"start":{"line":39,"column":14},"end":{"line":39,"column":20}}]},"4":{"line":41,"type":"binary-expr","locations":[{"start":{"line":41,"column":16},"end":{"line":41,"column":44}},{"start":{"line":41,"column":48},"end":{"line":41,"column":53}}]},"5":{"line":45,"type":"if","locations":[{"start":{"line":45,"column":8},"end":{"line":45,"column":8}},{"start":{"line":45,"column":8},"end":{"line":45,"column":8}}]}},"code":["/* istanbul instrument in package npmtest_sinon */","/*jslint","    bitwise: true,","    browser: true,","    maxerr: 8,","    maxlen: 96,","    node: true,","    nomen: true,","    regexp: true,","    stupid: true","*/","(function () {","    'use strict';","    var local;","","","","    // run shared js-env code - pre-init","    (function () {","        // init local","        local = {};","        // init modeJs","        local.modeJs = (function () {","            try {","                return typeof navigator.userAgent === 'string' &&","                    typeof document.querySelector('body') === 'object' &&","                    typeof XMLHttpRequest.prototype.open === 'function' &&","                    'browser';","            } catch (errorCaughtBrowser) {","                return module.exports &&","                    typeof process.versions.node === 'string' &&","                    typeof require('http').createServer === 'function' &&","                    'node';","            }","        }());","        // init global","        local.global = local.modeJs === 'browser'","            ? window","            : global;","        // init utility2_rollup","        local = local.global.utility2_rollup || local;","        // init lib","        local.local = local.npmtest_sinon = local;","        // init exports","        if (local.modeJs === 'browser') {","            local.global.utility2_npmtest_sinon = local;","        } else {","            module.exports = local;","            module.exports.__dirname = __dirname;","            module.exports.module = module;","        }","    }());","}());",""],"l":{"12":2,"14":2,"19":2,"21":2,"23":2,"24":2,"25":2,"30":1,"37":2,"41":2,"43":2,"45":2,"46":1,"48":1,"49":1,"50":1}},"/home/travis/build/npmtest/node-npmtest-sinon/example.js":{"path":"/home/travis/build/npmtest/node-npmtest-sinon/example.js","s":{"1":2,"2":2,"3":2,"4":2,"5":2,"6":2,"7":2,"8":1,"9":2,"10":2,"11":2,"12":2,"13":1,"14":2,"15":2,"16":2,"17":2,"18":2,"19":0,"20":2,"21":1,"22":1,"23":1,"24":1,"25":1,"26":0,"27":0,"28":1,"29":1,"30":2,"31":0,"32":0,"33":0,"34":1,"35":2,"36":2,"37":2,"38":2,"39":2,"40":2,"41":0,"42":2,"43":2,"44":2,"45":1,"46":3,"47":1,"48":1,"49":1,"50":1,"51":1,"52":1,"53":1,"54":1,"55":1,"56":1,"57":0,"58":1,"59":6,"60":6,"61":1,"62":2,"63":0,"64":2,"65":1,"66":1,"67":0,"68":0,"69":0,"70":0,"71":0,"72":0,"73":0,"74":0,"75":0,"76":0,"77":0,"78":0,"79":0,"80":0,"81":0,"82":0,"83":0},"b":{"1":[2,1,1,1],"2":[1,1,1,1],"3":[1,1],"4":[2,2],"5":[1,1],"6":[1,1],"7":[2,0],"8":[2,1,1,1,1,1],"9":[0,2,0],"10":[1,1],"11":[2,1,1],"12":[1,0],"13":[0,2],"14":[2,0,0,0,0,0,0],"15":[0,2],"16":[2,0],"17":[1,1],"18":[0,1],"19":[1,2,0,2],"20":[1,0],"21":[1,1],"22":[0,0],"23":[0,0],"24":[0,0],"25":[0,0],"26":[0,0],"27":[0,0],"28":[0,0]},"f":{"1":2,"2":2,"3":2,"4":2,"5":2,"6":2,"7":2,"8":2,"9":3,"10":1,"11":6,"12":0},"fnMap":{"1":{"name":"(anonymous_1)","line":26,"loc":{"start":{"line":26,"column":1},"end":{"line":26,"column":13}}},"2":{"name":"(anonymous_2)","line":33,"loc":{"start":{"line":33,"column":5},"end":{"line":33,"column":17}}},"3":{"name":"(anonymous_3)","line":37,"loc":{"start":{"line":37,"column":24},"end":{"line":37,"column":36}}},"4":{"name":"(anonymous_4)","line":69,"loc":{"start":{"line":69,"column":31},"end":{"line":69,"column":48}},"skip":true},"5":{"name":"(anonymous_5)","line":78,"loc":{"start":{"line":78,"column":26},"end":{"line":78,"column":45}},"skip":true},"6":{"name":"(anonymous_6)","line":123,"loc":{"start":{"line":123,"column":33},"end":{"line":123,"column":48}},"skip":true},"7":{"name":"(anonymous_7)","line":125,"loc":{"start":{"line":125,"column":27},"end":{"line":125,"column":39}},"skip":true},"8":{"name":"(anonymous_8)","line":133,"loc":{"start":{"line":133,"column":59},"end":{"line":133,"column":74}},"skip":true},"9":{"name":"(anonymous_9)","line":143,"loc":{"start":{"line":143,"column":45},"end":{"line":143,"column":62}},"skip":true},"10":{"name":"(anonymous_10)","line":144,"loc":{"start":{"line":144,"column":73},"end":{"line":144,"column":92}},"skip":true},"11":{"name":"(anonymous_11)","line":272,"loc":{"start":{"line":272,"column":51},"end":{"line":272,"column":77}},"skip":true},"12":{"name":"(anonymous_12)","line":314,"loc":{"start":{"line":314,"column":32},"end":{"line":314,"column":61}},"skip":true}},"statementMap":{"1":{"start":{"line":26,"column":0},"end":{"line":325,"column":5}},"2":{"start":{"line":28,"column":4},"end":{"line":28,"column":14}},"3":{"start":{"line":33,"column":4},"end":{"line":60,"column":9}},"4":{"start":{"line":35,"column":8},"end":{"line":35,"column":19}},"5":{"start":{"line":37,"column":8},"end":{"line":49,"column":13}},"6":{"start":{"line":38,"column":12},"end":{"line":48,"column":13}},"7":{"start":{"line":39,"column":16},"end":{"line":42,"column":30}},"8":{"start":{"line":44,"column":16},"end":{"line":47,"column":27}},"9":{"start":{"line":51,"column":8},"end":{"line":53,"column":21}},"10":{"start":{"line":55,"column":8},"end":{"line":57,"column":45}},"11":{"start":{"line":59,"column":8},"end":{"line":59,"column":35}},"12":{"start":{"line":61,"column":4},"end":{"line":324,"column":5}},"13":{"start":{"line":69,"column":8},"end":{"line":121,"column":10},"skip":true},"14":{"start":{"line":70,"column":12},"end":{"line":88,"column":13},"skip":true},"15":{"start":{"line":76,"column":16},"end":{"line":87,"column":19},"skip":true},"16":{"start":{"line":79,"column":20},"end":{"line":86,"column":21},"skip":true},"17":{"start":{"line":82,"column":24},"end":{"line":82,"column":43},"skip":true},"18":{"start":{"line":83,"column":24},"end":{"line":83,"column":30},"skip":true},"19":{"start":{"line":85,"column":24},"end":{"line":85,"column":49},"skip":true},"20":{"start":{"line":89,"column":12},"end":{"line":107,"column":13},"skip":true},"21":{"start":{"line":92,"column":16},"end":{"line":102,"column":17},"skip":true},"22":{"start":{"line":93,"column":20},"end":{"line":93,"column":86},"skip":true},"23":{"start":{"line":94,"column":20},"end":{"line":95,"column":45},"skip":true},"24":{"start":{"line":96,"column":20},"end":{"line":96,"column":42},"skip":true},"25":{"start":{"line":97,"column":20},"end":{"line":97,"column":48},"skip":true},"26":{"start":{"line":100,"column":20},"end":{"line":100,"column":85},"skip":true},"27":{"start":{"line":101,"column":20},"end":{"line":101,"column":96},"skip":true},"28":{"start":{"line":103,"column":16},"end":{"line":103,"column":22},"skip":true},"29":{"start":{"line":106,"column":16},"end":{"line":106,"column":22},"skip":true},"30":{"start":{"line":108,"column":12},"end":{"line":120,"column":13},"skip":true},"31":{"start":{"line":114,"column":16},"end":{"line":119,"column":17},"skip":true},"32":{"start":{"line":116,"column":20},"end":{"line":116,"column":78},"skip":true},"33":{"start":{"line":118,"column":20},"end":{"line":118,"column":53},"skip":true},"34":{"start":{"line":123,"column":8},"end":{"line":141,"column":11},"skip":true},"35":{"start":{"line":124,"column":12},"end":{"line":124,"column":54},"skip":true},"36":{"start":{"line":125,"column":12},"end":{"line":140,"column":14},"skip":true},"37":{"start":{"line":126,"column":16},"end":{"line":126,"column":28},"skip":true},"38":{"start":{"line":127,"column":16},"end":{"line":127,"column":69},"skip":true},"39":{"start":{"line":128,"column":16},"end":{"line":128,"column":75},"skip":true},"40":{"start":{"line":129,"column":16},"end":{"line":131,"column":17},"skip":true},"41":{"start":{"line":130,"column":20},"end":{"line":130,"column":27},"skip":true},"42":{"start":{"line":133,"column":16},"end":{"line":137,"column":36},"skip":true},"43":{"start":{"line":134,"column":20},"end":{"line":136,"column":55},"skip":true},"44":{"start":{"line":139,"column":16},"end":{"line":139,"column":57},"skip":true},"45":{"start":{"line":143,"column":8},"end":{"line":147,"column":11},"skip":true},"46":{"start":{"line":144,"column":12},"end":{"line":146,"column":15},"skip":true},"47":{"start":{"line":145,"column":16},"end":{"line":145,"column":70},"skip":true},"48":{"start":{"line":149,"column":8},"end":{"line":149,"column":31},"skip":true},"49":{"start":{"line":150,"column":8},"end":{"line":150,"column":14},"skip":true},"50":{"start":{"line":158,"column":8},"end":{"line":158,"column":31},"skip":true},"51":{"start":{"line":160,"column":8},"end":{"line":160,"column":33},"skip":true},"52":{"start":{"line":161,"column":8},"end":{"line":161,"column":37},"skip":true},"53":{"start":{"line":162,"column":8},"end":{"line":162,"column":35},"skip":true},"54":{"start":{"line":164,"column":8},"end":{"line":164,"column":50},"skip":true},"55":{"start":{"line":166,"column":8},"end":{"line":256,"column":2},"skip":true},"56":{"start":{"line":258,"column":8},"end":{"line":286,"column":9},"skip":true},"57":{"start":{"line":259,"column":12},"end":{"line":269,"column":14},"skip":true},"58":{"start":{"line":271,"column":12},"end":{"line":285,"column":19},"skip":true},"59":{"start":{"line":274,"column":20},"end":{"line":274,"column":35},"skip":true},"60":{"start":{"line":275,"column":20},"end":{"line":284,"column":21},"skip":true},"61":{"start":{"line":277,"column":24},"end":{"line":277,"column":64},"skip":true},"62":{"start":{"line":279,"column":24},"end":{"line":279,"column":40},"skip":true},"63":{"start":{"line":281,"column":24},"end":{"line":281,"column":40},"skip":true},"64":{"start":{"line":283,"column":24},"end":{"line":283,"column":39},"skip":true},"65":{"start":{"line":288,"column":8},"end":{"line":290,"column":9},"skip":true},"66":{"start":{"line":289,"column":12},"end":{"line":289,"column":18},"skip":true},"67":{"start":{"line":291,"column":8},"end":{"line":293,"column":54},"skip":true},"68":{"start":{"line":294,"column":8},"end":{"line":301,"column":37},"skip":true},"69":{"start":{"line":302,"column":8},"end":{"line":302,"column":82},"skip":true},"70":{"start":{"line":305,"column":8},"end":{"line":307,"column":9},"skip":true},"71":{"start":{"line":306,"column":12},"end":{"line":306,"column":82},"skip":true},"72":{"start":{"line":309,"column":8},"end":{"line":311,"column":9},"skip":true},"73":{"start":{"line":310,"column":12},"end":{"line":310,"column":18},"skip":true},"74":{"start":{"line":312,"column":8},"end":{"line":312,"column":54},"skip":true},"75":{"start":{"line":313,"column":8},"end":{"line":313,"column":69},"skip":true},"76":{"start":{"line":314,"column":8},"end":{"line":322,"column":36},"skip":true},"77":{"start":{"line":315,"column":12},"end":{"line":315,"column":61},"skip":true},"78":{"start":{"line":316,"column":12},"end":{"line":319,"column":13},"skip":true},"79":{"start":{"line":317,"column":16},"end":{"line":317,"column":75},"skip":true},"80":{"start":{"line":318,"column":16},"end":{"line":318,"column":23},"skip":true},"81":{"start":{"line":320,"column":12},"end":{"line":320,"column":38},"skip":true},"82":{"start":{"line":321,"column":12},"end":{"line":321,"column":27},"skip":true},"83":{"start":{"line":323,"column":8},"end":{"line":323,"column":14},"skip":true}},"branchMap":{"1":{"line":39,"type":"binary-expr","locations":[{"start":{"line":39,"column":23},"end":{"line":39,"column":62}},{"start":{"line":40,"column":20},"end":{"line":40,"column":70}},{"start":{"line":41,"column":20},"end":{"line":41,"column":71}},{"start":{"line":42,"column":20},"end":{"line":42,"column":29}}]},"2":{"line":44,"type":"binary-expr","locations":[{"start":{"line":44,"column":23},"end":{"line":44,"column":37}},{"start":{"line":45,"column":20},"end":{"line":45,"column":61}},{"start":{"line":46,"column":20},"end":{"line":46,"column":70}},{"start":{"line":47,"column":20},"end":{"line":47,"column":26}}]},"3":{"line":51,"type":"cond-expr","locations":[{"start":{"line":52,"column":14},"end":{"line":52,"column":20}},{"start":{"line":53,"column":14},"end":{"line":53,"column":20}}]},"4":{"line":55,"type":"binary-expr","locations":[{"start":{"line":55,"column":16},"end":{"line":55,"column":44}},{"start":{"line":55,"column":49},"end":{"line":57,"column":43}}]},"5":{"line":55,"type":"cond-expr","locations":[{"start":{"line":56,"column":14},"end":{"line":56,"column":49}},{"start":{"line":57,"column":14},"end":{"line":57,"column":43}}]},"6":{"line":61,"type":"switch","locations":[{"start":{"line":68,"column":4},"end":{"line":150,"column":14},"skip":true},{"start":{"line":156,"column":4},"end":{"line":323,"column":14},"skip":true}]},"7":{"line":70,"type":"if","locations":[{"start":{"line":70,"column":12},"end":{"line":70,"column":12},"skip":true},{"start":{"line":70,"column":12},"end":{"line":70,"column":12},"skip":true}]},"8":{"line":70,"type":"binary-expr","locations":[{"start":{"line":70,"column":16},"end":{"line":70,"column":22},"skip":true},{"start":{"line":70,"column":27},"end":{"line":70,"column":32},"skip":true},{"start":{"line":71,"column":20},"end":{"line":71,"column":39},"skip":true},{"start":{"line":72,"column":20},"end":{"line":72,"column":49},"skip":true},{"start":{"line":73,"column":20},"end":{"line":73,"column":58},"skip":true},{"start":{"line":74,"column":20},"end":{"line":74,"column":69},"skip":true}]},"9":{"line":79,"type":"switch","locations":[{"start":{"line":80,"column":20},"end":{"line":80,"column":33},"skip":true},{"start":{"line":81,"column":20},"end":{"line":83,"column":30},"skip":true},{"start":{"line":84,"column":20},"end":{"line":85,"column":49},"skip":true}]},"10":{"line":89,"type":"switch","locations":[{"start":{"line":90,"column":12},"end":{"line":103,"column":22},"skip":true},{"start":{"line":105,"column":12},"end":{"line":106,"column":22},"skip":true}]},"11":{"line":89,"type":"binary-expr","locations":[{"start":{"line":89,"column":20},"end":{"line":89,"column":25},"skip":true},{"start":{"line":89,"column":29},"end":{"line":89,"column":48},"skip":true},{"start":{"line":89,"column":52},"end":{"line":89,"column":74},"skip":true}]},"12":{"line":92,"type":"if","locations":[{"start":{"line":92,"column":16},"end":{"line":92,"column":16},"skip":true},{"start":{"line":92,"column":16},"end":{"line":92,"column":16},"skip":true}]},"13":{"line":108,"type":"if","locations":[{"start":{"line":108,"column":12},"end":{"line":108,"column":12},"skip":true},{"start":{"line":108,"column":12},"end":{"line":108,"column":12},"skip":true}]},"14":{"line":108,"type":"binary-expr","locations":[{"start":{"line":108,"column":16},"end":{"line":108,"column":61},"skip":true},{"start":{"line":108,"column":66},"end":{"line":108,"column":72},"skip":true},{"start":{"line":108,"column":77},"end":{"line":108,"column":82},"skip":true},{"start":{"line":109,"column":20},"end":{"line":109,"column":39},"skip":true},{"start":{"line":110,"column":20},"end":{"line":110,"column":49},"skip":true},{"start":{"line":111,"column":20},"end":{"line":111,"column":58},"skip":true},{"start":{"line":112,"column":20},"end":{"line":112,"column":68},"skip":true}]},"15":{"line":129,"type":"if","locations":[{"start":{"line":129,"column":16},"end":{"line":129,"column":16},"skip":true},{"start":{"line":129,"column":16},"end":{"line":129,"column":16},"skip":true}]},"16":{"line":134,"type":"cond-expr","locations":[{"start":{"line":135,"column":26},"end":{"line":135,"column":29},"skip":true},{"start":{"line":136,"column":26},"end":{"line":136,"column":54},"skip":true}]},"17":{"line":164,"type":"binary-expr","locations":[{"start":{"line":164,"column":27},"end":{"line":164,"column":43},"skip":true},{"start":{"line":164,"column":47},"end":{"line":164,"column":49},"skip":true}]},"18":{"line":258,"type":"if","locations":[{"start":{"line":258,"column":8},"end":{"line":258,"column":8},"skip":true},{"start":{"line":258,"column":8},"end":{"line":258,"column":8},"skip":true}]},"19":{"line":275,"type":"switch","locations":[{"start":{"line":276,"column":20},"end":{"line":277,"column":64},"skip":true},{"start":{"line":278,"column":20},"end":{"line":279,"column":40},"skip":true},{"start":{"line":280,"column":20},"end":{"line":281,"column":40},"skip":true},{"start":{"line":282,"column":20},"end":{"line":283,"column":39},"skip":true}]},"20":{"line":288,"type":"if","locations":[{"start":{"line":288,"column":8},"end":{"line":288,"column":8},"skip":true},{"start":{"line":288,"column":8},"end":{"line":288,"column":8},"skip":true}]},"21":{"line":288,"type":"binary-expr","locations":[{"start":{"line":288,"column":12},"end":{"line":288,"column":40},"skip":true},{"start":{"line":288,"column":44},"end":{"line":288,"column":67},"skip":true}]},"22":{"line":292,"type":"binary-expr","locations":[{"start":{"line":292,"column":12},"end":{"line":292,"column":50},"skip":true},{"start":{"line":293,"column":12},"end":{"line":293,"column":53},"skip":true}]},"23":{"line":295,"type":"binary-expr","locations":[{"start":{"line":295,"column":12},"end":{"line":295,"column":63},"skip":true},{"start":{"line":296,"column":12},"end":{"line":301,"column":36},"skip":true}]},"24":{"line":302,"type":"binary-expr","locations":[{"start":{"line":302,"column":43},"end":{"line":302,"column":75},"skip":true},{"start":{"line":302,"column":79},"end":{"line":302,"column":81},"skip":true}]},"25":{"line":305,"type":"if","locations":[{"start":{"line":305,"column":8},"end":{"line":305,"column":8},"skip":true},{"start":{"line":305,"column":8},"end":{"line":305,"column":8},"skip":true}]},"26":{"line":309,"type":"if","locations":[{"start":{"line":309,"column":8},"end":{"line":309,"column":8},"skip":true},{"start":{"line":309,"column":8},"end":{"line":309,"column":8},"skip":true}]},"27":{"line":312,"type":"binary-expr","locations":[{"start":{"line":312,"column":27},"end":{"line":312,"column":43},"skip":true},{"start":{"line":312,"column":47},"end":{"line":312,"column":53},"skip":true}]},"28":{"line":316,"type":"if","locations":[{"start":{"line":316,"column":12},"end":{"line":316,"column":12},"skip":true},{"start":{"line":316,"column":12},"end":{"line":316,"column":12},"skip":true}]}},"code":["/*","example.js","","quickstart example","","instruction","    1. save this script as example.js","    2. run the shell command:","        $ npm install npmtest-sinon && PORT=8081 node example.js","    3. play with the browser-demo on http://127.0.0.1:8081","*/","","","","/* istanbul instrument in package npmtest_sinon */","/*jslint","    bitwise: true,","    browser: true,","    maxerr: 8,","    maxlen: 96,","    node: true,","    nomen: true,","    regexp: true,","    stupid: true","*/","(function () {","    'use strict';","    var local;","","","","    // run shared js-env code - pre-init","    (function () {","        // init local","        local = {};","        // init modeJs","        local.modeJs = (function () {","            try {","                return typeof navigator.userAgent === 'string' &&","                    typeof document.querySelector('body') === 'object' &&","                    typeof XMLHttpRequest.prototype.open === 'function' &&","                    'browser';","            } catch (errorCaughtBrowser) {","                return module.exports &&","                    typeof process.versions.node === 'string' &&","                    typeof require('http').createServer === 'function' &&","                    'node';","            }","        }());","        // init global","        local.global = local.modeJs === 'browser'","            ? window","            : global;","        // init utility2_rollup","        local = local.global.utility2_rollup || (local.modeJs === 'browser'","            ? local.global.utility2_npmtest_sinon","            : global.utility2_moduleExports);","        // export local","        local.global.local = local;","    }());","    switch (local.modeJs) {","","","","    // post-init","    // run browser js-env code - post-init","    /* istanbul ignore next */","    case 'browser':","        local.testRunBrowser = function (event) {","            if (!event || (event &&","                    event.currentTarget &&","                    event.currentTarget.className &&","                    event.currentTarget.className.includes &&","                    event.currentTarget.className.includes('onreset'))) {","                // reset output","                Array.from(","                    document.querySelectorAll('body > .resettable')","                ).forEach(function (element) {","                    switch (element.tagName) {","                    case 'INPUT':","                    case 'TEXTAREA':","                        element.value = '';","                        break;","                    default:","                        element.textContent = '';","                    }","                });","            }","            switch (event && event.currentTarget && event.currentTarget.id) {","            case 'testRunButton1':","                // show tests","                if (document.querySelector('#testReportDiv1').style.display === 'none') {","                    document.querySelector('#testReportDiv1').style.display = 'block';","                    document.querySelector('#testRunButton1').textContent =","                        'hide internal test';","                    local.modeTest = true;","                    local.testRunDefault(local);","                // hide tests","                } else {","                    document.querySelector('#testReportDiv1').style.display = 'none';","                    document.querySelector('#testRunButton1').textContent = 'run internal test';","                }","                break;","            // custom-case","            default:","                break;","            }","            if (document.querySelector('#inputTextareaEval1') && (!event || (event &&","                    event.currentTarget &&","                    event.currentTarget.className &&","                    event.currentTarget.className.includes &&","                    event.currentTarget.className.includes('oneval')))) {","                // try to eval input-code","                try {","                    /*jslint evil: true*/","                    eval(document.querySelector('#inputTextareaEval1').value);","                } catch (errorCaught) {","                    console.error(errorCaught.stack);","                }","            }","        };","        // log stderr and stdout to #outputTextareaStdout1","        ['error', 'log'].forEach(function (key) {","            console[key + '_original'] = console[key];","            console[key] = function () {","                var element;","                console[key + '_original'].apply(console, arguments);","                element = document.querySelector('#outputTextareaStdout1');","                if (!element) {","                    return;","                }","                // append text to #outputTextareaStdout1","                element.value += Array.from(arguments).map(function (arg) {","                    return typeof arg === 'string'","                        ? arg","                        : JSON.stringify(arg, null, 4);","                }).join(' ') + '\\n';","                // scroll textarea to bottom","                element.scrollTop = element.scrollHeight;","            };","        });","        // init event-handling","        ['change', 'click', 'keyup'].forEach(function (event) {","            Array.from(document.querySelectorAll('.on' + event)).forEach(function (element) {","                element.addEventListener(event, local.testRunBrowser);","            });","        });","        // run tests","        local.testRunBrowser();","        break;","","","","    // run node js-env code - post-init","    /* istanbul ignore next */","    case 'node':","        // export local","        module.exports = local;","        // require modules","        local.fs = require('fs');","        local.http = require('http');","        local.url = require('url');","        // init assets","        local.assetsDict = local.assetsDict || {};","        /* jslint-ignore-begin */","        local.assetsDict['/assets.index.template.html'] = '\\","<!doctype html>\\n\\","<html lang=\"en\">\\n\\","<head>\\n\\","<meta charset=\"UTF-8\">\\n\\","<meta name=\"viewport\" content=\"width=device-width, initial-scale=1\">\\n\\","<title>{{env.npm_package_name}} (v{{env.npm_package_version}})</title>\\n\\","<style>\\n\\","/*csslint\\n\\","    box-sizing: false,\\n\\","    universal-selector: false\\n\\","*/\\n\\","* {\\n\\","    box-sizing: border-box;\\n\\","}\\n\\","body {\\n\\","    background: #dde;\\n\\","    font-family: Arial, Helvetica, sans-serif;\\n\\","    margin: 2rem;\\n\\","}\\n\\","body > * {\\n\\","    margin-bottom: 1rem;\\n\\","}\\n\\",".utility2FooterDiv {\\n\\","    margin-top: 20px;\\n\\","    text-align: center;\\n\\","}\\n\\","</style>\\n\\","<style>\\n\\","/*csslint\\n\\","*/\\n\\","textarea {\\n\\","    font-family: monospace;\\n\\","    height: 10rem;\\n\\","    width: 100%;\\n\\","}\\n\\","textarea[readonly] {\\n\\","    background: #ddd;\\n\\","}\\n\\","</style>\\n\\","</head>\\n\\","<body>\\n\\","<!-- utility2-comment\\n\\","<div id=\"ajaxProgressDiv1\" style=\"background: #d00; height: 2px; left: 0; margin: 0; padding: 0; position: fixed; top: 0; transition: background 0.5s, width 1.5s; width: 25%;\"></div>\\n\\","utility2-comment -->\\n\\","<h1>\\n\\","<!-- utility2-comment\\n\\","    <a\\n\\","        {{#if env.npm_package_homepage}}\\n\\","        href=\"{{env.npm_package_homepage}}\"\\n\\","        {{/if env.npm_package_homepage}}\\n\\","        target=\"_blank\"\\n\\","    >\\n\\","utility2-comment -->\\n\\","        {{env.npm_package_name}} (v{{env.npm_package_version}})\\n\\","<!-- utility2-comment\\n\\","    </a>\\n\\","utility2-comment -->\\n\\","</h1>\\n\\","<h3>{{env.npm_package_description}}</h3>\\n\\","<!-- utility2-comment\\n\\","<h4><a download href=\"assets.app.js\">download standalone app</a></h4>\\n\\","<button class=\"onclick onreset\" id=\"testRunButton1\">run internal test</button><br>\\n\\","<div id=\"testReportDiv1\" style=\"display: none;\"></div>\\n\\","utility2-comment -->\\n\\","\\n\\","\\n\\","\\n\\","<label>stderr and stdout</label>\\n\\","<textarea class=\"resettable\" id=\"outputTextareaStdout1\" readonly></textarea>\\n\\","<!-- utility2-comment\\n\\","{{#if isRollup}}\\n\\","<script src=\"assets.app.js\"></script>\\n\\","{{#unless isRollup}}\\n\\","utility2-comment -->\\n\\","<script src=\"assets.utility2.rollup.js\"></script>\\n\\","<script src=\"jsonp.utility2._stateInit?callback=window.utility2._stateInit\"></script>\\n\\","<script src=\"assets.npmtest_sinon.rollup.js\"></script>\\n\\","<script src=\"assets.example.js\"></script>\\n\\","<script src=\"assets.test.js\"></script>\\n\\","<!-- utility2-comment\\n\\","{{/if isRollup}}\\n\\","utility2-comment -->\\n\\","<div class=\"utility2FooterDiv\">\\n\\","    [ this app was created with\\n\\","    <a href=\"https://github.com/kaizhu256/node-utility2\" target=\"_blank\">utility2</a>\\n\\","    ]\\n\\","</div>\\n\\","</body>\\n\\","</html>\\n\\","';","        /* jslint-ignore-end */","        if (local.templateRender) {","            local.assetsDict['/'] = local.templateRender(","                local.assetsDict['/assets.index.template.html'],","                {","                    env: local.objectSetDefault(local.env, {","                        npm_package_description: 'the greatest app in the world!',","                        npm_package_name: 'my-app',","                        npm_package_nameAlias: 'my_app',","                        npm_package_version: '0.0.1'","                    })","                }","            );","        } else {","            local.assetsDict['/'] = local.assetsDict['/assets.index.template.html']","                .replace((/\\{\\{env\\.(\\w+?)\\}\\}/g), function (match0, match1) {","                    // jslint-hack","                    String(match0);","                    switch (match1) {","                    case 'npm_package_description':","                        return 'the greatest app in the world!';","                    case 'npm_package_name':","                        return 'my-app';","                    case 'npm_package_nameAlias':","                        return 'my_app';","                    case 'npm_package_version':","                        return '0.0.1';","                    }","                });","        }","        // run the cli","        if (local.global.utility2_rollup || module !== require.main) {","            break;","        }","        local.assetsDict['/assets.example.js'] =","            local.assetsDict['/assets.example.js'] ||","            local.fs.readFileSync(__filename, 'utf8');","        local.assetsDict['/assets.npmtest_sinon.rollup.js'] =","            local.assetsDict['/assets.npmtest_sinon.rollup.js'] ||","            local.fs.readFileSync(","                // buildCustomOrg-hack","                local.npmtest_sinon.__dirname +","                    '/lib.npmtest_sinon.js',","                'utf8'","            ).replace((/^#!/), '//');","        local.assetsDict['/favicon.ico'] = local.assetsDict['/favicon.ico'] || '';","        // if $npm_config_timeout_exit exists,","        // then exit this process after $npm_config_timeout_exit ms","        if (Number(process.env.npm_config_timeout_exit)) {","            setTimeout(process.exit, Number(process.env.npm_config_timeout_exit));","        }","        // start server","        if (local.global.utility2_serverHttp1) {","            break;","        }","        process.env.PORT = process.env.PORT || '8081';","        console.error('server starting on port ' + process.env.PORT);","        local.http.createServer(function (request, response) {","            request.urlParsed = local.url.parse(request.url);","            if (local.assetsDict[request.urlParsed.pathname] !== undefined) {","                response.end(local.assetsDict[request.urlParsed.pathname]);","                return;","            }","            response.statusCode = 404;","            response.end();","        }).listen(process.env.PORT);","        break;","    }","}());",""],"l":{"26":2,"28":2,"33":2,"35":2,"37":2,"38":2,"39":2,"44":1,"51":2,"55":2,"59":2,"61":2,"69":1,"70":2,"76":2,"79":2,"82":2,"83":2,"85":1,"89":2,"92":1,"93":1,"94":1,"96":1,"97":1,"100":1,"101":1,"103":1,"106":1,"108":2,"114":1,"116":1,"118":1,"123":1,"124":2,"125":2,"126":2,"127":2,"128":2,"129":2,"130":1,"133":2,"134":2,"139":2,"143":1,"144":3,"145":1,"149":1,"150":1,"158":1,"160":1,"161":1,"162":1,"164":1,"166":1,"258":1,"259":1,"271":1,"274":6,"275":6,"277":1,"279":2,"281":1,"283":2,"288":1,"289":1,"291":1,"294":1,"302":1,"305":1,"306":1,"309":1,"310":1,"312":1,"313":1,"314":1,"315":1,"316":1,"317":1,"318":1,"320":1,"321":1,"323":1}},"/home/travis/build/npmtest/node-npmtest-sinon/sinon/lib/sinon.js":{"path":"/home/travis/build/npmtest/node-npmtest-sinon/sinon/lib/sinon.js","s":{"1":1,"2":1,"3":1,"4":1,"5":1,"6":1,"7":18,"8":18,"9":1,"10":18,"11":17,"12":18,"13":1,"14":1,"15":1,"16":3,"17":1,"18":1,"19":1,"20":1,"21":1,"22":1,"23":1,"24":1,"25":1,"26":1,"27":1,"28":1,"29":1,"30":1,"31":1,"32":1,"33":1,"34":1,"35":1,"36":1,"37":1,"38":1,"39":1,"40":1,"41":1,"42":1,"43":1,"44":1,"45":1,"46":0},"b":{"1":[1,17],"2":[17,1]},"f":{"1":1,"2":18,"3":1,"4":3,"5":0},"fnMap":{"1":{"name":"exposeCoreUtils","line":7,"loc":{"start":{"line":7,"column":0},"end":{"line":7,"column":40}}},"2":{"name":"(anonymous_2)","line":10,"loc":{"start":{"line":10,"column":17},"end":{"line":10,"column":32}}},"3":{"name":"exposeEventTarget","line":25,"loc":{"start":{"line":25,"column":0},"end":{"line":25,"column":48}}},"4":{"name":"(anonymous_4)","line":28,"loc":{"start":{"line":28,"column":17},"end":{"line":28,"column":32}}},"5":{"name":"(anonymous_5)","line":69,"loc":{"start":{"line":69,"column":22},"end":{"line":69,"column":42}}}},"statementMap":{"1":{"start":{"line":3,"column":0},"end":{"line":3,"column":37}},"2":{"start":{"line":4,"column":0},"end":{"line":4,"column":56}},"3":{"start":{"line":5,"column":0},"end":{"line":5,"column":57}},"4":{"start":{"line":7,"column":0},"end":{"line":23,"column":1}},"5":{"start":{"line":8,"column":4},"end":{"line":8,"column":34}},"6":{"start":{"line":10,"column":4},"end":{"line":22,"column":7}},"7":{"start":{"line":11,"column":8},"end":{"line":11,"column":31}},"8":{"start":{"line":15,"column":8},"end":{"line":17,"column":9}},"9":{"start":{"line":16,"column":12},"end":{"line":16,"column":41}},"10":{"start":{"line":18,"column":8},"end":{"line":20,"column":9}},"11":{"start":{"line":19,"column":12},"end":{"line":19,"column":71}},"12":{"start":{"line":21,"column":8},"end":{"line":21,"column":28}},"13":{"start":{"line":25,"column":0},"end":{"line":31,"column":1}},"14":{"start":{"line":26,"column":4},"end":{"line":26,"column":40}},"15":{"start":{"line":28,"column":4},"end":{"line":30,"column":7}},"16":{"start":{"line":29,"column":8},"end":{"line":29,"column":94}},"17":{"start":{"line":34,"column":0},"end":{"line":34,"column":61}},"18":{"start":{"line":36,"column":0},"end":{"line":36,"column":43}},"19":{"start":{"line":37,"column":0},"end":{"line":37,"column":51}},"20":{"start":{"line":38,"column":0},"end":{"line":38,"column":22}},"21":{"start":{"line":39,"column":0},"end":{"line":39,"column":37}},"22":{"start":{"line":40,"column":0},"end":{"line":40,"column":42}},"23":{"start":{"line":41,"column":0},"end":{"line":41,"column":39}},"24":{"start":{"line":42,"column":0},"end":{"line":42,"column":39}},"25":{"start":{"line":43,"column":0},"end":{"line":43,"column":45}},"26":{"start":{"line":44,"column":0},"end":{"line":44,"column":58}},"27":{"start":{"line":45,"column":0},"end":{"line":45,"column":72}},"28":{"start":{"line":47,"column":0},"end":{"line":47,"column":53}},"29":{"start":{"line":48,"column":0},"end":{"line":48,"column":49}},"30":{"start":{"line":49,"column":0},"end":{"line":49,"column":33}},"31":{"start":{"line":50,"column":0},"end":{"line":50,"column":35}},"32":{"start":{"line":52,"column":0},"end":{"line":52,"column":42}},"33":{"start":{"line":53,"column":0},"end":{"line":53,"column":77}},"34":{"start":{"line":54,"column":0},"end":{"line":54,"column":95}},"35":{"start":{"line":55,"column":0},"end":{"line":55,"column":101}},"36":{"start":{"line":56,"column":0},"end":{"line":56,"column":25}},"37":{"start":{"line":57,"column":0},"end":{"line":57,"column":58}},"38":{"start":{"line":59,"column":0},"end":{"line":59,"column":60}},"39":{"start":{"line":60,"column":0},"end":{"line":60,"column":26}},"40":{"start":{"line":61,"column":0},"end":{"line":61,"column":56}},"41":{"start":{"line":62,"column":0},"end":{"line":62,"column":62}},"42":{"start":{"line":64,"column":0},"end":{"line":64,"column":57}},"43":{"start":{"line":65,"column":0},"end":{"line":65,"column":77}},"44":{"start":{"line":67,"column":0},"end":{"line":67,"column":43}},"45":{"start":{"line":69,"column":0},"end":{"line":71,"column":2}},"46":{"start":{"line":70,"column":4},"end":{"line":70,"column":49}}},"branchMap":{"1":{"line":15,"type":"if","locations":[{"start":{"line":15,"column":8},"end":{"line":15,"column":8}},{"start":{"line":15,"column":8},"end":{"line":15,"column":8}}]},"2":{"line":18,"type":"if","locations":[{"start":{"line":18,"column":8},"end":{"line":18,"column":8}},{"start":{"line":18,"column":8},"end":{"line":18,"column":8}}]}},"code":["\"use strict\";","","var match = require(\"./sinon/match\");","var deepEqual = require(\"./sinon/util/core/deep-equal\");","var deprecated = require(\"./sinon/util/core/deprecated\");","","function exposeCoreUtils(target, utils) {","    var keys = Object.keys(utils);","","    keys.forEach(function (key) {","        var value = utils[key];","","        // allow deepEqual to check equality of matchers through dependency injection. Otherwise we get a circular","        // dependency","        if (key === \"deepEqual\") {","            value = deepEqual.use(match);","        }","        if (typeof value === \"function\") {","            value = deprecated.wrap(value, deprecated.defaultMsg(key));","        }","        target[key] = value;","    });","}","","function exposeEventTarget(target, eventTarget) {","    var keys = Object.keys(eventTarget);","","    keys.forEach(function (key) {","        target[key] = deprecated.wrap(eventTarget[key], deprecated.defaultMsg(\"EventTarget\"));","    });","}","","// Expose internal utilities on `sinon` global for backwards compatibility.","exposeCoreUtils(exports, require(\"./sinon/util/core/index\"));","","exports.assert = require(\"./sinon/assert\");","exports.collection = require(\"./sinon/collection\");","exports.match = match;","exports.spy = require(\"./sinon/spy\");","exports.spyCall = require(\"./sinon/call\");","exports.stub = require(\"./sinon/stub\");","exports.mock = require(\"./sinon/mock\");","exports.sandbox = require(\"./sinon/sandbox\");","exports.expectation = require(\"./sinon/mock-expectation\");","exports.createStubInstance = require(\"./sinon/stub\").createStubInstance;","","var fakeTimers = require(\"./sinon/util/fake_timers\");","exports.useFakeTimers = fakeTimers.useFakeTimers;","exports.clock = fakeTimers.clock;","exports.timers = fakeTimers.timers;","","var event = require(\"./sinon/util/event\");","exports.Event = deprecated.wrap(event.Event, deprecated.defaultMsg(\"Event\"));","exports.CustomEvent = deprecated.wrap(event.CustomEvent, deprecated.defaultMsg(\"CustomEvent\"));","exports.ProgressEvent = deprecated.wrap(event.ProgressEvent, deprecated.defaultMsg(\"ProgressEvent\"));","exports.EventTarget = {};","exposeEventTarget(exports.EventTarget, event.EventTarget);","","var fakeXhr = require(\"./sinon/util/fake_xml_http_request\");","exports.xhr = fakeXhr.xhr;","exports.FakeXMLHttpRequest = fakeXhr.FakeXMLHttpRequest;","exports.useFakeXMLHttpRequest = fakeXhr.useFakeXMLHttpRequest;","","exports.fakeServer = require(\"./sinon/util/fake_server\");","exports.fakeServerWithClock = require(\"./sinon/util/fake_server_with_clock\");","","var behavior = require(\"./sinon/behavior\");","","exports.addBehavior = function (name, fn) {","    behavior.addBehavior(exports.stub, name, fn);","};",""],"l":{"3":1,"4":1,"5":1,"7":1,"8":1,"10":1,"11":18,"15":18,"16":1,"18":18,"19":17,"21":18,"25":1,"26":1,"28":1,"29":3,"34":1,"36":1,"37":1,"38":1,"39":1,"40":1,"41":1,"42":1,"43":1,"44":1,"45":1,"47":1,"48":1,"49":1,"50":1,"52":1,"53":1,"54":1,"55":1,"56":1,"57":1,"59":1,"60":1,"61":1,"62":1,"64":1,"65":1,"67":1,"69":1,"70":0}},"/home/travis/build/npmtest/node-npmtest-sinon/sinon/lib/sinon/match.js":{"path":"/home/travis/build/npmtest/node-npmtest-sinon/sinon/lib/sinon/match.js","s":{"1":1,"2":1,"3":1,"4":1,"5":1,"6":1,"7":1,"8":1,"9":11,"10":11,"11":0,"12":1,"13":0,"14":1,"15":0,"16":1,"17":0,"18":0,"19":0,"20":0,"21":0,"22":0,"23":0,"24":0,"25":0,"26":0,"27":0,"28":0,"29":0,"30":0,"31":1,"32":15,"33":15,"34":0,"35":0,"36":0,"37":0,"38":0,"39":0,"40":0,"41":0,"42":0,"43":0,"44":0,"45":0,"46":0,"47":0,"48":0,"49":0,"50":0,"51":0,"52":0,"53":1,"54":15,"55":15,"56":15,"57":15,"58":0,"59":0,"60":15,"61":0,"62":15,"63":1,"64":0,"65":0,"66":0,"67":0,"68":0,"69":0,"70":0,"71":0,"72":0,"73":0,"74":1,"75":0,"76":0,"77":0,"78":0,"79":0,"80":0,"81":0,"82":0,"83":0,"84":0,"85":1,"86":1,"87":0,"88":1,"89":0,"90":1,"91":0,"92":1,"93":0,"94":1,"95":0,"96":0,"97":1,"98":11,"99":11,"100":0,"101":1,"102":0,"103":0,"104":0,"105":1,"106":2,"107":0,"108":0,"109":0,"110":0,"111":0,"112":0,"113":0,"114":0,"115":0,"116":0,"117":1,"118":0,"119":0,"120":0,"121":1,"122":0,"123":1,"124":1,"125":0,"126":0,"127":0,"128":0,"129":1,"130":0,"131":0,"132":0,"133":1,"134":0,"135":0,"136":0,"137":0,"138":1,"139":0,"140":0,"141":0,"142":1,"143":1,"144":0,"145":0,"146":0,"147":0,"148":1,"149":0,"150":0,"151":0,"152":1,"153":1,"154":0,"155":0,"156":0,"157":0,"158":1,"159":0,"160":0,"161":0,"162":1,"163":1,"164":1,"165":1,"166":1,"167":1,"168":1,"169":1,"170":1},"b":{"1":[0,11],"2":[0,0],"3":[0,0],"4":[0,0],"5":[0,0],"6":[0,0],"7":[0,0],"8":[0,0],"9":[15,0],"10":[0,0],"11":[0,0],"12":[0,0],"13":[15,0],"14":[0,15],"15":[0,0],"16":[0,0],"17":[0,0],"18":[0,0],"19":[0,0],"20":[0,0],"21":[0,0],"22":[0,0],"23":[0,0],"24":[0,0,0],"25":[0,0],"26":[0,0],"27":[0,0,0],"28":[0,0],"29":[0,0],"30":[0,0],"31":[0,0,0],"32":[0,0],"33":[0,0],"34":[0,0],"35":[0,0,0],"36":[0,0]},"f":{"1":11,"2":0,"3":0,"4":0,"5":0,"6":15,"7":0,"8":0,"9":0,"10":0,"11":0,"12":0,"13":0,"14":0,"15":0,"16":0,"17":15,"18":0,"19":0,"20":0,"21":0,"22":0,"23":0,"24":0,"25":0,"26":0,"27":0,"28":0,"29":11,"30":0,"31":0,"32":0,"33":2,"34":0,"35":0,"36":0,"37":0,"38":0,"39":0,"40":0,"41":0,"42":0,"43":0,"44":0,"45":0,"46":0,"47":0,"48":0,"49":0,"50":0,"51":0,"52":0,"53":0,"54":0,"55":0,"56":0,"57":0,"58":0,"59":0,"60":0,"61":0},"fnMap":{"1":{"name":"assertType","line":12,"loc":{"start":{"line":12,"column":0},"end":{"line":12,"column":39}}},"2":{"name":"(anonymous_2)","line":21,"loc":{"start":{"line":21,"column":14},"end":{"line":21,"column":26}}},"3":{"name":"isMatcher","line":26,"loc":{"start":{"line":26,"column":0},"end":{"line":26,"column":27}}},"4":{"name":"matchObject","line":30,"loc":{"start":{"line":30,"column":0},"end":{"line":30,"column":42}}},"5":{"name":"(anonymous_5)","line":35,"loc":{"start":{"line":35,"column":42},"end":{"line":35,"column":57}}},"6":{"name":"(anonymous_6)","line":56,"loc":{"start":{"line":56,"column":16},"end":{"line":56,"column":51}}},"7":{"name":"(anonymous_7)","line":60,"loc":{"start":{"line":60,"column":12},"end":{"line":60,"column":38}}},"8":{"name":"(anonymous_8)","line":61,"loc":{"start":{"line":61,"column":17},"end":{"line":61,"column":35}}},"9":{"name":"(anonymous_9)","line":66,"loc":{"start":{"line":66,"column":12},"end":{"line":66,"column":38}}},"10":{"name":"(anonymous_10)","line":70,"loc":{"start":{"line":70,"column":21},"end":{"line":70,"column":39}}},"11":{"name":"(anonymous_11)","line":77,"loc":{"start":{"line":77,"column":45},"end":{"line":77,"column":60}}},"12":{"name":"(anonymous_12)","line":81,"loc":{"start":{"line":81,"column":17},"end":{"line":81,"column":35}}},"13":{"name":"(anonymous_13)","line":88,"loc":{"start":{"line":88,"column":12},"end":{"line":88,"column":38}}},"14":{"name":"(anonymous_14)","line":89,"loc":{"start":{"line":89,"column":17},"end":{"line":89,"column":35}}},"15":{"name":"(anonymous_15)","line":93,"loc":{"start":{"line":93,"column":12},"end":{"line":93,"column":38}}},"16":{"name":"(anonymous_16)","line":94,"loc":{"start":{"line":94,"column":17},"end":{"line":94,"column":35}}},"17":{"name":"match","line":101,"loc":{"start":{"line":101,"column":0},"end":{"line":101,"column":37}}},"18":{"name":"(anonymous_18)","line":108,"loc":{"start":{"line":108,"column":17},"end":{"line":108,"column":35}}},"19":{"name":"(anonymous_19)","line":120,"loc":{"start":{"line":120,"column":13},"end":{"line":120,"column":27}}},"20":{"name":"(anonymous_20)","line":128,"loc":{"start":{"line":128,"column":14},"end":{"line":128,"column":32}}},"21":{"name":"(anonymous_21)","line":135,"loc":{"start":{"line":135,"column":14},"end":{"line":135,"column":28}}},"22":{"name":"(anonymous_22)","line":143,"loc":{"start":{"line":143,"column":15},"end":{"line":143,"column":33}}},"23":{"name":"(anonymous_23)","line":152,"loc":{"start":{"line":152,"column":18},"end":{"line":152,"column":30}}},"24":{"name":"(anonymous_24)","line":156,"loc":{"start":{"line":156,"column":22},"end":{"line":156,"column":40}}},"25":{"name":"(anonymous_25)","line":160,"loc":{"start":{"line":160,"column":21},"end":{"line":160,"column":39}}},"26":{"name":"(anonymous_26)","line":164,"loc":{"start":{"line":164,"column":20},"end":{"line":164,"column":38}}},"27":{"name":"(anonymous_27)","line":168,"loc":{"start":{"line":168,"column":13},"end":{"line":168,"column":36}}},"28":{"name":"(anonymous_28)","line":169,"loc":{"start":{"line":169,"column":17},"end":{"line":169,"column":35}}},"29":{"name":"(anonymous_29)","line":174,"loc":{"start":{"line":174,"column":15},"end":{"line":174,"column":31}}},"30":{"name":"(anonymous_30)","line":176,"loc":{"start":{"line":176,"column":17},"end":{"line":176,"column":35}}},"31":{"name":"(anonymous_31)","line":181,"loc":{"start":{"line":181,"column":19},"end":{"line":181,"column":35}}},"32":{"name":"(anonymous_32)","line":183,"loc":{"start":{"line":183,"column":17},"end":{"line":183,"column":35}}},"33":{"name":"createPropertyMatcher","line":188,"loc":{"start":{"line":188,"column":0},"end":{"line":188,"column":60}}},"34":{"name":"(anonymous_34)","line":189,"loc":{"start":{"line":189,"column":11},"end":{"line":189,"column":38}}},"35":{"name":"(anonymous_35)","line":197,"loc":{"start":{"line":197,"column":21},"end":{"line":197,"column":39}}},"36":{"name":"(anonymous_36)","line":207,"loc":{"start":{"line":207,"column":34},"end":{"line":207,"column":62}}},"37":{"name":"(anonymous_37)","line":214,"loc":{"start":{"line":214,"column":37},"end":{"line":214,"column":65}}},"38":{"name":"(anonymous_38)","line":220,"loc":{"start":{"line":220,"column":25},"end":{"line":220,"column":48}}},"39":{"name":"(anonymous_39)","line":221,"loc":{"start":{"line":221,"column":17},"end":{"line":221,"column":35}}},"40":{"name":"(anonymous_40)","line":224,"loc":{"start":{"line":224,"column":73},"end":{"line":224,"column":99}}},"41":{"name":"(anonymous_41)","line":230,"loc":{"start":{"line":230,"column":25},"end":{"line":230,"column":48}}},"42":{"name":"(anonymous_42)","line":231,"loc":{"start":{"line":231,"column":17},"end":{"line":231,"column":35}}},"43":{"name":"(anonymous_43)","line":232,"loc":{"start":{"line":232,"column":64},"end":{"line":232,"column":98}}},"44":{"name":"(anonymous_44)","line":238,"loc":{"start":{"line":238,"column":23},"end":{"line":238,"column":46}}},"45":{"name":"(anonymous_45)","line":239,"loc":{"start":{"line":239,"column":17},"end":{"line":239,"column":35}}},"46":{"name":"(anonymous_46)","line":243,"loc":{"start":{"line":243,"column":64},"end":{"line":243,"column":98}}},"47":{"name":"(anonymous_47)","line":249,"loc":{"start":{"line":249,"column":23},"end":{"line":249,"column":46}}},"48":{"name":"(anonymous_48)","line":250,"loc":{"start":{"line":250,"column":17},"end":{"line":250,"column":35}}},"49":{"name":"(anonymous_49)","line":251,"loc":{"start":{"line":251,"column":64},"end":{"line":251,"column":91}}},"50":{"name":"mapDeepEquals","line":259,"loc":{"start":{"line":259,"column":23},"end":{"line":259,"column":59}}},"51":{"name":"(anonymous_51)","line":260,"loc":{"start":{"line":260,"column":17},"end":{"line":260,"column":35}}},"52":{"name":"(anonymous_52)","line":263,"loc":{"start":{"line":263,"column":71},"end":{"line":263,"column":95}}},"53":{"name":"mapContains","line":269,"loc":{"start":{"line":269,"column":21},"end":{"line":269,"column":55}}},"54":{"name":"(anonymous_54)","line":270,"loc":{"start":{"line":270,"column":17},"end":{"line":270,"column":35}}},"55":{"name":"(anonymous_55)","line":271,"loc":{"start":{"line":271,"column":62},"end":{"line":271,"column":86}}},"56":{"name":"setDeepEquals","line":279,"loc":{"start":{"line":279,"column":23},"end":{"line":279,"column":59}}},"57":{"name":"(anonymous_57)","line":280,"loc":{"start":{"line":280,"column":17},"end":{"line":280,"column":35}}},"58":{"name":"(anonymous_58)","line":283,"loc":{"start":{"line":283,"column":71},"end":{"line":283,"column":90}}},"59":{"name":"setContains","line":289,"loc":{"start":{"line":289,"column":21},"end":{"line":289,"column":55}}},"60":{"name":"(anonymous_60)","line":290,"loc":{"start":{"line":290,"column":17},"end":{"line":290,"column":35}}},"61":{"name":"(anonymous_61)","line":291,"loc":{"start":{"line":291,"column":62},"end":{"line":291,"column":81}}}},"statementMap":{"1":{"start":{"line":3,"column":0},"end":{"line":3,"column":61}},"2":{"start":{"line":4,"column":0},"end":{"line":4,"column":41}},"3":{"start":{"line":5,"column":0},"end":{"line":5,"column":56}},"4":{"start":{"line":6,"column":0},"end":{"line":6,"column":65}},"5":{"start":{"line":7,"column":0},"end":{"line":7,"column":43}},"6":{"start":{"line":8,"column":0},"end":{"line":8,"column":59}},"7":{"start":{"line":10,"column":0},"end":{"line":10,"column":38}},"8":{"start":{"line":12,"column":0},"end":{"line":18,"column":1}},"9":{"start":{"line":13,"column":4},"end":{"line":13,"column":31}},"10":{"start":{"line":14,"column":4},"end":{"line":17,"column":5}},"11":{"start":{"line":15,"column":8},"end":{"line":16,"column":42}},"12":{"start":{"line":20,"column":0},"end":{"line":24,"column":2}},"13":{"start":{"line":22,"column":8},"end":{"line":22,"column":28}},"14":{"start":{"line":26,"column":0},"end":{"line":28,"column":1}},"15":{"start":{"line":27,"column":4},"end":{"line":27,"column":41}},"16":{"start":{"line":30,"column":0},"end":{"line":53,"column":1}},"17":{"start":{"line":31,"column":4},"end":{"line":33,"column":5}},"18":{"start":{"line":32,"column":8},"end":{"line":32,"column":21}},"19":{"start":{"line":35,"column":4},"end":{"line":52,"column":7}},"20":{"start":{"line":36,"column":8},"end":{"line":36,"column":35}},"21":{"start":{"line":37,"column":8},"end":{"line":37,"column":30}},"22":{"start":{"line":39,"column":8},"end":{"line":49,"column":9}},"23":{"start":{"line":40,"column":12},"end":{"line":42,"column":13}},"24":{"start":{"line":41,"column":16},"end":{"line":41,"column":29}},"25":{"start":{"line":43,"column":15},"end":{"line":49,"column":9}},"26":{"start":{"line":44,"column":12},"end":{"line":46,"column":13}},"27":{"start":{"line":45,"column":16},"end":{"line":45,"column":29}},"28":{"start":{"line":47,"column":15},"end":{"line":49,"column":9}},"29":{"start":{"line":48,"column":12},"end":{"line":48,"column":25}},"30":{"start":{"line":51,"column":8},"end":{"line":51,"column":20}},"31":{"start":{"line":55,"column":0},"end":{"line":99,"column":2}},"32":{"start":{"line":57,"column":8},"end":{"line":57,"column":29}},"33":{"start":{"line":58,"column":8},"end":{"line":58,"column":74}},"34":{"start":{"line":61,"column":8},"end":{"line":64,"column":10}},"35":{"start":{"line":63,"column":12},"end":{"line":63,"column":41}},"36":{"start":{"line":67,"column":8},"end":{"line":67,"column":23}},"37":{"start":{"line":69,"column":8},"end":{"line":75,"column":9}},"38":{"start":{"line":70,"column":12},"end":{"line":72,"column":14}},"39":{"start":{"line":71,"column":16},"end":{"line":71,"column":57}},"40":{"start":{"line":73,"column":12},"end":{"line":73,"column":72}},"41":{"start":{"line":74,"column":12},"end":{"line":74,"column":21}},"42":{"start":{"line":77,"column":8},"end":{"line":79,"column":11}},"43":{"start":{"line":78,"column":12},"end":{"line":78,"column":64}},"44":{"start":{"line":81,"column":8},"end":{"line":83,"column":10}},"45":{"start":{"line":82,"column":12},"end":{"line":82,"column":52}},"46":{"start":{"line":84,"column":8},"end":{"line":84,"column":54}},"47":{"start":{"line":86,"column":8},"end":{"line":86,"column":17}},"48":{"start":{"line":89,"column":8},"end":{"line":91,"column":10}},"49":{"start":{"line":90,"column":12},"end":{"line":90,"column":74}},"50":{"start":{"line":94,"column":8},"end":{"line":96,"column":10}},"51":{"start":{"line":95,"column":12},"end":{"line":95,"column":84}},"52":{"start":{"line":97,"column":8},"end":{"line":97,"column":53}},"53":{"start":{"line":101,"column":0},"end":{"line":118,"column":1}},"54":{"start":{"line":102,"column":4},"end":{"line":102,"column":35}},"55":{"start":{"line":103,"column":4},"end":{"line":103,"column":35}},"56":{"start":{"line":105,"column":4},"end":{"line":111,"column":5}},"57":{"start":{"line":106,"column":8},"end":{"line":106,"column":48}},"58":{"start":{"line":108,"column":8},"end":{"line":110,"column":10}},"59":{"start":{"line":109,"column":12},"end":{"line":109,"column":50}},"60":{"start":{"line":113,"column":4},"end":{"line":115,"column":5}},"61":{"start":{"line":114,"column":8},"end":{"line":114,"column":64}},"62":{"start":{"line":117,"column":4},"end":{"line":117,"column":13}},"63":{"start":{"line":120,"column":0},"end":{"line":133,"column":2}},"64":{"start":{"line":121,"column":4},"end":{"line":125,"column":5}},"65":{"start":{"line":122,"column":8},"end":{"line":122,"column":48}},"66":{"start":{"line":123,"column":11},"end":{"line":125,"column":5}},"67":{"start":{"line":124,"column":8},"end":{"line":124,"column":23}},"68":{"start":{"line":126,"column":4},"end":{"line":126,"column":18}},"69":{"start":{"line":127,"column":4},"end":{"line":127,"column":36}},"70":{"start":{"line":128,"column":4},"end":{"line":130,"column":6}},"71":{"start":{"line":129,"column":8},"end":{"line":129,"column":50}},"72":{"start":{"line":131,"column":4},"end":{"line":131,"column":56}},"73":{"start":{"line":132,"column":4},"end":{"line":132,"column":14}},"74":{"start":{"line":135,"column":0},"end":{"line":148,"column":2}},"75":{"start":{"line":136,"column":4},"end":{"line":140,"column":5}},"76":{"start":{"line":137,"column":8},"end":{"line":137,"column":48}},"77":{"start":{"line":138,"column":11},"end":{"line":140,"column":5}},"78":{"start":{"line":139,"column":8},"end":{"line":139,"column":23}},"79":{"start":{"line":141,"column":4},"end":{"line":141,"column":18}},"80":{"start":{"line":142,"column":4},"end":{"line":142,"column":37}},"81":{"start":{"line":143,"column":4},"end":{"line":145,"column":6}},"82":{"start":{"line":144,"column":8},"end":{"line":144,"column":50}},"83":{"start":{"line":146,"column":4},"end":{"line":146,"column":58}},"84":{"start":{"line":147,"column":4},"end":{"line":147,"column":15}},"85":{"start":{"line":150,"column":0},"end":{"line":150,"column":28}},"86":{"start":{"line":152,"column":0},"end":{"line":154,"column":10}},"87":{"start":{"line":153,"column":4},"end":{"line":153,"column":16}},"88":{"start":{"line":156,"column":0},"end":{"line":158,"column":14}},"89":{"start":{"line":157,"column":4},"end":{"line":157,"column":51}},"90":{"start":{"line":160,"column":0},"end":{"line":162,"column":13}},"91":{"start":{"line":161,"column":4},"end":{"line":161,"column":20}},"92":{"start":{"line":164,"column":0},"end":{"line":166,"column":12}},"93":{"start":{"line":165,"column":4},"end":{"line":165,"column":19}},"94":{"start":{"line":168,"column":0},"end":{"line":172,"column":2}},"95":{"start":{"line":169,"column":4},"end":{"line":171,"column":51}},"96":{"start":{"line":170,"column":8},"end":{"line":170,"column":38}},"97":{"start":{"line":174,"column":0},"end":{"line":179,"column":2}},"98":{"start":{"line":175,"column":4},"end":{"line":175,"column":39}},"99":{"start":{"line":176,"column":4},"end":{"line":178,"column":35}},"100":{"start":{"line":177,"column":8},"end":{"line":177,"column":39}},"101":{"start":{"line":181,"column":0},"end":{"line":186,"column":2}},"102":{"start":{"line":182,"column":4},"end":{"line":182,"column":41}},"103":{"start":{"line":183,"column":4},"end":{"line":185,"column":49}},"104":{"start":{"line":184,"column":8},"end":{"line":184,"column":38}},"105":{"start":{"line":188,"column":0},"end":{"line":205,"column":1}},"106":{"start":{"line":189,"column":4},"end":{"line":204,"column":6}},"107":{"start":{"line":190,"column":8},"end":{"line":190,"column":51}},"108":{"start":{"line":191,"column":8},"end":{"line":191,"column":50}},"109":{"start":{"line":192,"column":8},"end":{"line":192,"column":62}},"110":{"start":{"line":193,"column":8},"end":{"line":195,"column":9}},"111":{"start":{"line":194,"column":12},"end":{"line":194,"column":51}},"112":{"start":{"line":196,"column":8},"end":{"line":196,"column":23}},"113":{"start":{"line":197,"column":8},"end":{"line":203,"column":20}},"114":{"start":{"line":198,"column":12},"end":{"line":201,"column":13}},"115":{"start":{"line":200,"column":16},"end":{"line":200,"column":29}},"116":{"start":{"line":202,"column":12},"end":{"line":202,"column":70}},"117":{"start":{"line":207,"column":0},"end":{"line":212,"column":10}},"118":{"start":{"line":208,"column":4},"end":{"line":210,"column":5}},"119":{"start":{"line":209,"column":8},"end":{"line":209,"column":34}},"120":{"start":{"line":211,"column":4},"end":{"line":211,"column":42}},"121":{"start":{"line":214,"column":0},"end":{"line":216,"column":13}},"122":{"start":{"line":215,"column":4},"end":{"line":215,"column":43}},"123":{"start":{"line":218,"column":0},"end":{"line":218,"column":36}},"124":{"start":{"line":220,"column":0},"end":{"line":228,"column":2}},"125":{"start":{"line":221,"column":4},"end":{"line":227,"column":62}},"126":{"start":{"line":223,"column":8},"end":{"line":223,"column":62}},"127":{"start":{"line":224,"column":8},"end":{"line":226,"column":11}},"128":{"start":{"line":225,"column":12},"end":{"line":225,"column":50}},"129":{"start":{"line":230,"column":0},"end":{"line":236,"column":2}},"130":{"start":{"line":231,"column":4},"end":{"line":235,"column":62}},"131":{"start":{"line":232,"column":8},"end":{"line":234,"column":11}},"132":{"start":{"line":233,"column":12},"end":{"line":233,"column":53}},"133":{"start":{"line":238,"column":0},"end":{"line":247,"column":2}},"134":{"start":{"line":239,"column":4},"end":{"line":246,"column":60}},"135":{"start":{"line":241,"column":8},"end":{"line":241,"column":56}},"136":{"start":{"line":243,"column":8},"end":{"line":245,"column":11}},"137":{"start":{"line":244,"column":12},"end":{"line":244,"column":62}},"138":{"start":{"line":249,"column":0},"end":{"line":255,"column":2}},"139":{"start":{"line":250,"column":4},"end":{"line":254,"column":60}},"140":{"start":{"line":251,"column":8},"end":{"line":253,"column":11}},"141":{"start":{"line":252,"column":12},"end":{"line":252,"column":64}},"142":{"start":{"line":257,"column":0},"end":{"line":257,"column":32}},"143":{"start":{"line":259,"column":0},"end":{"line":267,"column":2}},"144":{"start":{"line":260,"column":4},"end":{"line":266,"column":65}},"145":{"start":{"line":262,"column":8},"end":{"line":262,"column":58}},"146":{"start":{"line":263,"column":8},"end":{"line":265,"column":11}},"147":{"start":{"line":264,"column":12},"end":{"line":264,"column":76}},"148":{"start":{"line":269,"column":0},"end":{"line":275,"column":2}},"149":{"start":{"line":270,"column":4},"end":{"line":274,"column":63}},"150":{"start":{"line":271,"column":8},"end":{"line":273,"column":11}},"151":{"start":{"line":272,"column":12},"end":{"line":272,"column":66}},"152":{"start":{"line":277,"column":0},"end":{"line":277,"column":32}},"153":{"start":{"line":279,"column":0},"end":{"line":287,"column":2}},"154":{"start":{"line":280,"column":4},"end":{"line":286,"column":65}},"155":{"start":{"line":282,"column":8},"end":{"line":282,"column":58}},"156":{"start":{"line":283,"column":8},"end":{"line":285,"column":11}},"157":{"start":{"line":284,"column":12},"end":{"line":284,"column":44}},"158":{"start":{"line":289,"column":0},"end":{"line":295,"column":2}},"159":{"start":{"line":290,"column":4},"end":{"line":294,"column":63}},"160":{"start":{"line":291,"column":8},"end":{"line":293,"column":11}},"161":{"start":{"line":292,"column":12},"end":{"line":292,"column":39}},"162":{"start":{"line":297,"column":0},"end":{"line":297,"column":37}},"163":{"start":{"line":298,"column":0},"end":{"line":298,"column":38}},"164":{"start":{"line":299,"column":0},"end":{"line":299,"column":38}},"165":{"start":{"line":300,"column":0},"end":{"line":300,"column":38}},"166":{"start":{"line":301,"column":0},"end":{"line":301,"column":38}},"167":{"start":{"line":302,"column":0},"end":{"line":302,"column":38}},"168":{"start":{"line":303,"column":0},"end":{"line":303,"column":34}},"169":{"start":{"line":304,"column":0},"end":{"line":304,"column":38}},"170":{"start":{"line":306,"column":0},"end":{"line":306,"column":23}}},"branchMap":{"1":{"line":14,"type":"if","locations":[{"start":{"line":14,"column":4},"end":{"line":14,"column":4}},{"start":{"line":14,"column":4},"end":{"line":14,"column":4}}]},"2":{"line":31,"type":"if","locations":[{"start":{"line":31,"column":4},"end":{"line":31,"column":4}},{"start":{"line":31,"column":4},"end":{"line":31,"column":4}}]},"3":{"line":31,"type":"binary-expr","locations":[{"start":{"line":31,"column":8},"end":{"line":31,"column":23}},{"start":{"line":31,"column":27},"end":{"line":31,"column":47}}]},"4":{"line":39,"type":"if","locations":[{"start":{"line":39,"column":8},"end":{"line":39,"column":8}},{"start":{"line":39,"column":8},"end":{"line":39,"column":8}}]},"5":{"line":40,"type":"if","locations":[{"start":{"line":40,"column":12},"end":{"line":40,"column":12}},{"start":{"line":40,"column":12},"end":{"line":40,"column":12}}]},"6":{"line":43,"type":"if","locations":[{"start":{"line":43,"column":15},"end":{"line":43,"column":15}},{"start":{"line":43,"column":15},"end":{"line":43,"column":15}}]},"7":{"line":44,"type":"if","locations":[{"start":{"line":44,"column":12},"end":{"line":44,"column":12}},{"start":{"line":44,"column":12},"end":{"line":44,"column":12}}]},"8":{"line":47,"type":"if","locations":[{"start":{"line":47,"column":15},"end":{"line":47,"column":15}},{"start":{"line":47,"column":15},"end":{"line":47,"column":15}}]},"9":{"line":58,"type":"binary-expr","locations":[{"start":{"line":58,"column":20},"end":{"line":58,"column":27}},{"start":{"line":58,"column":31},"end":{"line":58,"column":73}}]},"10":{"line":69,"type":"if","locations":[{"start":{"line":69,"column":8},"end":{"line":69,"column":8}},{"start":{"line":69,"column":8},"end":{"line":69,"column":8}}]},"11":{"line":90,"type":"binary-expr","locations":[{"start":{"line":90,"column":19},"end":{"line":90,"column":45}},{"start":{"line":90,"column":49},"end":{"line":90,"column":73}}]},"12":{"line":95,"type":"binary-expr","locations":[{"start":{"line":95,"column":19},"end":{"line":95,"column":45}},{"start":{"line":95,"column":49},"end":{"line":95,"column":83}}]},"13":{"line":105,"type":"if","locations":[{"start":{"line":105,"column":4},"end":{"line":105,"column":4}},{"start":{"line":105,"column":4},"end":{"line":105,"column":4}}]},"14":{"line":113,"type":"if","locations":[{"start":{"line":113,"column":4},"end":{"line":113,"column":4}},{"start":{"line":113,"column":4},"end":{"line":113,"column":4}}]},"15":{"line":121,"type":"if","locations":[{"start":{"line":121,"column":4},"end":{"line":121,"column":4}},{"start":{"line":121,"column":4},"end":{"line":121,"column":4}}]},"16":{"line":123,"type":"if","locations":[{"start":{"line":123,"column":11},"end":{"line":123,"column":11}},{"start":{"line":123,"column":11},"end":{"line":123,"column":11}}]},"17":{"line":129,"type":"binary-expr","locations":[{"start":{"line":129,"column":15},"end":{"line":129,"column":30}},{"start":{"line":129,"column":34},"end":{"line":129,"column":49}}]},"18":{"line":136,"type":"if","locations":[{"start":{"line":136,"column":4},"end":{"line":136,"column":4}},{"start":{"line":136,"column":4},"end":{"line":136,"column":4}}]},"19":{"line":138,"type":"if","locations":[{"start":{"line":138,"column":11},"end":{"line":138,"column":11}},{"start":{"line":138,"column":11},"end":{"line":138,"column":11}}]},"20":{"line":144,"type":"binary-expr","locations":[{"start":{"line":144,"column":15},"end":{"line":144,"column
[...]
            if (objId === \"Microsoft.XMLHTTP\" || /^Msxml2\\.XMLHTTP/i.test(objId)) {","","                return new FakeXMLHttpRequest();","            }","","            return new sinonXhr.GlobalActiveXObject(objId);","        };","    }","","    return FakeXMLHttpRequest;","}","","module.exports = {","    xhr: sinonXhr,","    FakeXMLHttpRequest: FakeXMLHttpRequest,","    useFakeXMLHttpRequest: useFakeXMLHttpRequest","};",""],"l":{"3":1,"5":1,"6":1,"7":1,"9":1,"10":1,"11":1,"12":0,"15":1,"16":1,"17":0,"18":0,"22":1,"25":1,"26":1,"27":1,"28":1,"29":1,"30":1,"31":1,"32":1,"33":1,"34":1,"35":1,"36":1,"37":1,"40":1,"62":1,"63":0,"64":0,"66":1,"67":0,"68":0,"70":0,"71":0,"76":0,"79":1,"85":1,"86":0,"87":0,"88":0,"89":0,"90":0,"91":0,"92":0,"93":0,"94":0,"95":0,"96":0,"97":0,"100":0,"101":0,"105":1,"106":0,"107":0,"110":0,"111":0,"115":1,"116":0,"117":0,"120":0,"123":1,"124":0,"128":1,"129":0,"130":0,"131":0,"132":0,"133":0,"134":0,"135":0,"136":0,"140":1,"141":1,"142":0,"144":1,"145":0,"147":0,"158":0,"159":0,"163":0,"164":0,"165":0,"169":0,"170":0,"171":0,"172":0,"174":0,"175":0,"177":0,"178":0,"180":0,"181":0,"185":0,"186":0,"188":0,"189":0,"194":0,"196":0,"198":0,"200":1,"202":1,"203":0,"204":0,"208":1,"209":0,"210":0,"214":1,"215":0,"216":0,"220":1,"221":0,"222":0,"224":0,"225":0,"229":1,"230":0,"233":1,"234":0,"237":1,"238":0,"239":0,"240":0,"241":0,"242":0,"243":0,"244":0,"247":0,"249":0,"250":0,"251":0,"252":0,"254":0,"255":0,"256":0,"257":0,"259":0,"261":0,"264":1,"265":0,"266":0,"268":0,"270":0,"273":1,"275":0,"276":0,"277":0,"278":0,"279":0,"281":0,"282":0,"283":0,"284":0,"290":0,"293":1,"338":1,"342":0,"343":0,"344":0,"345":0,"346":0,"347":0,"348":0,"349":0,"351":0,"352":0,"353":0,"354":0,"356":0,"357":0,"358":0,"361":0,"365":0,"367":0,"368":0,"370":0,"371":0,"372":0,"374":0,"378":0,"379":0,"380":0,"381":0,"383":0,"384":0,"387":0,"388":0,"389":0,"390":0,"393":0,"394":0,"395":0,"398":0,"402":0,"404":0,"405":0,"406":0,"409":0,"410":0,"413":0,"414":0,"416":0,"421":0,"423":0,"424":0,"425":0,"430":0,"432":0,"434":0,"435":0,"438":0,"439":0,"441":0,"447":0,"449":0,"450":0,"451":0,"452":0,"453":0,"454":0,"455":0,"458":0,"461":0,"462":0,"463":0,"464":0,"466":0,"467":0,"470":0,"474":0,"475":0,"476":0,"477":0,"478":0,"480":0,"482":0,"483":0,"486":0,"490":0,"491":0,"492":0,"493":0,"495":0,"499":0,"500":0,"503":0,"504":0,"507":0,"509":0,"513":0,"514":0,"517":0,"518":0,"521":0,"523":0,"526":0,"530":0,"531":0,"532":0,"533":0,"535":0,"536":0,"537":0,"538":0,"539":0,"541":0,"542":0,"544":0,"545":0,"547":0,"551":0,"552":0,"553":0,"556":0,"557":0,"558":0,"559":0,"561":0,"565":0,"566":0,"567":0,"571":0,"572":0,"577":0,"578":0,"583":0,"584":0,"589":0,"590":0,"592":0,"596":1,"604":1,"605":1,"607":1,"608":0,"609":0,"610":0,"613":0,"614":0,"617":0,"619":0,"620":0,"623":0,"624":0,"627":0,"628":0,"629":0,"631":0,"634":0,"638":0,"641":1}},"/home/travis/build/npmtest/node-npmtest-sinon/sinon/lib/sinon/util/event.js":{"path":"/home/travis/build/npmtest/node-npmtest-sinon/sinon/lib/sinon/util/event.js","s":{"1":1,"2":1,"3":2,"4":1,"5":2,"6":2,"7":2,"8":2,"9":0,"10":1,"11":0,"12":0,"13":0,"14":0,"15":1,"16":1,"17":1,"18":0,"19":0,"20":1,"21":1,"22":1,"23":0,"24":0,"25":0,"26":0,"27":0,"28":0,"29":0,"30":0,"31":0,"32":0,"33":0,"34":0,"35":0,"36":0,"37":0,"38":0,"39":1},"b":{"1":[0,0],"2":[0,0],"3":[0,0],"4":[0,0],"5":[0,0],"6":[0,0,0],"7":[0,0],"8":[0,0,0],"9":[0,0]},"f":{"1":2,"2":2,"3":0,"4":0,"5":0,"6":0,"7":0,"8":0,"9":0,"10":0},"fnMap":{"1":{"name":"Event","line":5,"loc":{"start":{"line":5,"column":0},"end":{"line":5,"column":50}}},"2":{"name":"(anonymous_2)","line":10,"loc":{"start":{"line":10,"column":15},"end":{"line":10,"column":60}}},"3":{"name":"(anonymous_3)","line":17,"loc":{"start":{"line":17,"column":21},"end":{"line":17,"column":33}}},"4":{"name":"(anonymous_4)","line":19,"loc":{"start":{"line":19,"column":20},"end":{"line":19,"column":32}}},"5":{"name":"ProgressEvent","line":24,"loc":{"start":{"line":24,"column":0},"end":{"line":24,"column":55}}},"6":{"name":"CustomEvent","line":35,"loc":{"start":{"line":35,"column":0},"end":{"line":35,"column":47}}},"7":{"name":"addEventListener","line":45,"loc":{"start":{"line":45,"column":22},"end":{"line":45,"column":65}}},"8":{"name":"removeEventListener","line":51,"loc":{"start":{"line":51,"column":25},"end":{"line":51,"column":71}}},"9":{"name":"dispatchEvent","line":62,"loc":{"start":{"line":62,"column":19},"end":{"line":62,"column":49}}},"10":{"name":"(anonymous_10)","line":67,"loc":{"start":{"line":67,"column":26},"end":{"line":67,"column":46}}}},"statementMap":{"1":{"start":{"line":3,"column":0},"end":{"line":3,"column":19}},"2":{"start":{"line":5,"column":0},"end":{"line":7,"column":1}},"3":{"start":{"line":6,"column":4},"end":{"line":6,"column":54}},"4":{"start":{"line":9,"column":0},"end":{"line":22,"column":2}},"5":{"start":{"line":11,"column":8},"end":{"line":11,"column":25}},"6":{"start":{"line":12,"column":8},"end":{"line":12,"column":31}},"7":{"start":{"line":13,"column":8},"end":{"line":13,"column":37}},"8":{"start":{"line":14,"column":8},"end":{"line":14,"column":29}},"9":{"start":{"line":20,"column":8},"end":{"line":20,"column":37}},"10":{"start":{"line":24,"column":0},"end":{"line":29,"column":1}},"11":{"start":{"line":25,"column":4},"end":{"line":25,"column":47}},"12":{"start":{"line":26,"column":4},"end":{"line":26,"column":95}},"13":{"start":{"line":27,"column":4},"end":{"line":27,"column":92}},"14":{"start":{"line":28,"column":4},"end":{"line":28,"column":53}},"15":{"start":{"line":31,"column":0},"end":{"line":31,"column":38}},"16":{"start":{"line":33,"column":0},"end":{"line":33,"column":52}},"17":{"start":{"line":35,"column":0},"end":{"line":38,"column":1}},"18":{"start":{"line":36,"column":4},"end":{"line":36,"column":47}},"19":{"start":{"line":37,"column":4},"end":{"line":37,"column":44}},"20":{"start":{"line":40,"column":0},"end":{"line":40,"column":36}},"21":{"start":{"line":42,"column":0},"end":{"line":42,"column":48}},"22":{"start":{"line":44,"column":0},"end":{"line":77,"column":2}},"23":{"start":{"line":46,"column":8},"end":{"line":46,"column":56}},"24":{"start":{"line":47,"column":8},"end":{"line":47,"column":70}},"25":{"start":{"line":48,"column":8},"end":{"line":48,"column":56}},"26":{"start":{"line":52,"column":8},"end":{"line":52,"column":80}},"27":{"start":{"line":53,"column":8},"end":{"line":53,"column":48}},"28":{"start":{"line":55,"column":8},"end":{"line":57,"column":9}},"29":{"start":{"line":56,"column":12},"end":{"line":56,"column":19}},"30":{"start":{"line":59,"column":8},"end":{"line":59,"column":35}},"31":{"start":{"line":63,"column":8},"end":{"line":63,"column":24}},"32":{"start":{"line":64,"column":8},"end":{"line":64,"column":30}},"33":{"start":{"line":65,"column":8},"end":{"line":65,"column":79}},"34":{"start":{"line":67,"column":8},"end":{"line":73,"column":11}},"35":{"start":{"line":68,"column":12},"end":{"line":72,"column":13}},"36":{"start":{"line":69,"column":16},"end":{"line":69,"column":43}},"37":{"start":{"line":71,"column":16},"end":{"line":71,"column":44}},"38":{"start":{"line":75,"column":8},"end":{"line":75,"column":40}},"39":{"start":{"line":79,"column":0},"end":{"line":84,"column":2}}},"branchMap":{"1":{"line":26,"type":"cond-expr","locations":[{"start":{"line":26,"column":64},"end":{"line":26,"column":87}},{"start":{"line":26,"column":90},"end":{"line":26,"column":94}}]},"2":{"line":27,"type":"cond-expr","locations":[{"start":{"line":27,"column":62},"end":{"line":27,"column":84}},{"start":{"line":27,"column":87},"end":{"line":27,"column":91}}]},"3":{"line":37,"type":"binary-expr","locations":[{"start":{"line":37,"column":18},"end":{"line":37,"column":35}},{"start":{"line":37,"column":39},"end":{"line":37,"column":43}}]},"4":{"line":46,"type":"binary-expr","locations":[{"start":{"line":46,"column":30},"end":{"line":46,"column":49}},{"start":{"line":46,"column":53},"end":{"line":46,"column":55}}]},"5":{"line":47,"type":"binary-expr","locations":[{"start":{"line":47,"column":37},"end":{"line":47,"column":63}},{"start":{"line":47,"column":67},"end":{"line":47,"column":69}}]},"6":{"line":52,"type":"binary-expr","locations":[{"start":{"line":52,"column":24},"end":{"line":52,"column":43}},{"start":{"line":52,"column":47},"end":{"line":52,"column":73}},{"start":{"line":52,"column":77},"end":{"line":52,"column":79}}]},"7":{"line":55,"type":"if","locations":[{"start":{"line":55,"column":8},"end":{"line":55,"column":8}},{"start":{"line":55,"column":8},"end":{"line":55,"column":8}}]},"8":{"line":65,"type":"binary-expr","locations":[{"start":{"line":65,"column":24},"end":{"line":65,"column":43}},{"start":{"line":65,"column":47},"end":{"line":65,"column":72}},{"start":{"line":65,"column":76},"end":{"line":65,"column":78}}]},"9":{"line":68,"type":"if","locations":[{"start":{"line":68,"column":12},"end":{"line":68,"column":12}},{"start":{"line":68,"column":12},"end":{"line":68,"column":12}}]}},"code":["\"use strict\";","","var push = [].push;","","function Event(type, bubbles, cancelable, target) {","    this.initEvent(type, bubbles, cancelable, target);","}","","Event.prototype = {","    initEvent: function (type, bubbles, cancelable, target) {","        this.type = type;","        this.bubbles = bubbles;","        this.cancelable = cancelable;","        this.target = target;","    },","","    stopPropagation: function () {},","","    preventDefault: function () {","        this.defaultPrevented = true;","    }","};","","function ProgressEvent(type, progressEventRaw, target) {","    this.initEvent(type, false, false, target);","    this.loaded = typeof progressEventRaw.loaded === \"number\" ? progressEventRaw.loaded : null;","    this.total = typeof progressEventRaw.total === \"number\" ? progressEventRaw.total : null;","    this.lengthComputable = !!progressEventRaw.total;","}","","ProgressEvent.prototype = new Event();","","ProgressEvent.prototype.constructor = ProgressEvent;","","function CustomEvent(type, customData, target) {","    this.initEvent(type, false, false, target);","    this.detail = customData.detail || null;","}","","CustomEvent.prototype = new Event();","","CustomEvent.prototype.constructor = CustomEvent;","","var EventTarget = {","    addEventListener: function addEventListener(event, listener) {","        this.eventListeners = this.eventListeners || {};","        this.eventListeners[event] = this.eventListeners[event] || [];","        push.call(this.eventListeners[event], listener);","    },","","    removeEventListener: function removeEventListener(event, listener) {","        var listeners = this.eventListeners && this.eventListeners[event] || [];","        var index = listeners.indexOf(listener);","","        if (index === -1) {","            return;","        }","","        listeners.splice(index, 1);","    },","","    dispatchEvent: function dispatchEvent(event) {","        var self = this;","        var type = event.type;","        var listeners = self.eventListeners && self.eventListeners[type] || [];","","        listeners.forEach(function (listener) {","            if (typeof listener === \"function\") {","                listener.call(self, event);","            } else {","                listener.handleEvent(event);","            }","        });","","        return !!event.defaultPrevented;","    }","};","","module.exports = {","    Event: Event,","    ProgressEvent: ProgressEvent,","    CustomEvent: CustomEvent,","    EventTarget: EventTarget","};",""],"l":{"3":1,"5":1,"6":2,"9":1,"11":2,"12":2,"13":2,"14":2,"20":0,"24":1,"25":0,"26":0,"27":0,"28":0,"31":1,"33":1,"35":1,"36":0,"37":0,"40":1,"42":1,"44":1,"46":0,"47":0,"48":0,"52":0,"53":0,"55":0,"56":0,"59":0,"63":0,"64":0,"65":0,"67":0,"68":0,"69":0,"71":0,"75":0,"79":1}},"/home/travis/build/npmtest/node-npmtest-sinon/sinon/lib/sinon/blob.js":{"path":"/home/travis/build/npmtest/node-npmtest-sinon/sinon/lib/sinon/blob.js","s":{"1":1,"2":1,"3":1,"4":1},"b":{},"f":{"1":1},"fnMap":{"1":{"name":"(anonymous_1)","line":4,"loc":{"start":{"line":4,"column":23},"end":{"line":4,"column":35}}}},"statementMap":{"1":{"start":{"line":4,"column":0},"end":{"line":10,"column":5}},"2":{"start":{"line":5,"column":4},"end":{"line":9,"column":5}},"3":{"start":{"line":6,"column":8},"end":{"line":6,"column":28}},"4":{"start":{"line":8,"column":8},"end":{"line":8,"column":21}}},"branchMap":{},"code":["/*global Blob */","\"use strict\";","","exports.isSupported = (function () {","    try {","        return !!new Blob();","    } catch (e) {","        return false;","    }","}());",""],"l":{"4":1,"5":1,"6":1,"8":1}},"/home/travis/build/npmtest/node-npmtest-sinon/sinon/lib/sinon/util/fake_server_with_clock.js":{"path":"/home/travis/build/npmtest/node-npmtest-sinon/sinon/lib/sinon/util/fake_server_with_clock.js","s":{"1":1,"2":1,"3":1,"4":1,"5":1,"6":1,"7":0,"8":0,"9":0,"10":0,"11":0,"12":0,"13":0,"14":0,"15":0,"16":0,"17":0,"18":0,"19":0,"20":0,"21":0,"22":0,"23":1,"24":0,"25":0,"26":0,"27":0,"28":0,"29":0,"30":0,"31":0,"32":1,"33":0,"34":0,"35":0,"36":1},"b":{"1":[0,0],"2":[0,0],"3":[0,0],"4":[0,0],"5":[0,0],"6":[0,0],"7":[0,0],"8":[0,0],"9":[0,0]},"f":{"1":1,"2":0,"3":0,"4":0,"5":0,"6":0},"fnMap":{"1":{"name":"Server","line":6,"loc":{"start":{"line":6,"column":0},"end":{"line":6,"column":18}}},"2":{"name":"addRequest","line":11,"loc":{"start":{"line":11,"column":33},"end":{"line":11,"column":58}}},"3":{"name":"(anonymous_3)","line":25,"loc":{"start":{"line":25,"column":36},"end":{"line":25,"column":59}}},"4":{"name":"(anonymous_4)","line":31,"loc":{"start":{"line":31,"column":37},"end":{"line":31,"column":60}}},"5":{"name":"respond","line":42,"loc":{"start":{"line":42,"column":30},"end":{"line":42,"column":49}}},"6":{"name":"restore","line":58,"loc":{"start":{"line":58,"column":30},"end":{"line":58,"column":49}}}},"statementMap":{"1":{"start":{"line":3,"column":0},"end":{"line":3,"column":42}},"2":{"start":{"line":4,"column":0},"end":{"line":4,"column":42}},"3":{"start":{"line":6,"column":0},"end":{"line":6,"column":20}},"4":{"start":{"line":7,"column":0},"end":{"line":7,"column":30}},"5":{"start":{"line":9,"column":0},"end":{"line":9,"column":39}},"6":{"start":{"line":11,"column":0},"end":{"line":40,"column":2}},"7":{"start":{"line":12,"column":4},"end":{"line":37,"column":5}},"8":{"start":{"line":13,"column":8},"end":{"line":18,"column":9}},"9":{"start":{"line":14,"column":12},"end":{"line":14,"column":42}},"10":{"start":{"line":16,"column":12},"end":{"line":16,"column":52}},"11":{"start":{"line":17,"column":12},"end":{"line":17,"column":35}},"12":{"start":{"line":20,"column":8},"end":{"line":36,"column":9}},"13":{"start":{"line":21,"column":12},"end":{"line":21,"column":56}},"14":{"start":{"line":22,"column":12},"end":{"line":22,"column":58}},"15":{"start":{"line":23,"column":12},"end":{"line":23,"column":30}},"16":{"start":{"line":25,"column":12},"end":{"line":29,"column":14}},"17":{"start":{"line":26,"column":16},"end":{"line":26,"column":86}},"18":{"start":{"line":28,"column":16},"end":{"line":28,"column":62}},"19":{"start":{"line":31,"column":12},"end":{"line":35,"column":14}},"20":{"start":{"line":32,"column":16},"end":{"line":32,"column":86}},"21":{"start":{"line":34,"column":16},"end":{"line":34,"column":63}},"22":{"start":{"line":39,"column":4},"end":{"line":39,"column":49}},"23":{"start":{"line":42,"column":0},"end":{"line":56,"column":2}},"24":{"start":{"line":43,"column":4},"end":{"line":43,"column":62}},"25":{"start":{"line":45,"column":4},"end":{"line":53,"column":5}},"26":{"start":{"line":46,"column":8},"end":{"line":46,"column":50}},"27":{"start":{"line":47,"column":8},"end":{"line":47,"column":32}},"28":{"start":{"line":49,"column":8},"end":{"line":52,"column":9}},"29":{"start":{"line":50,"column":12},"end":{"line":50,"column":33}},"30":{"start":{"line":51,"column":12},"end":{"line":51,"column":36}},"31":{"start":{"line":55,"column":4},"end":{"line":55,"column":21}},"32":{"start":{"line":58,"column":0},"end":{"line":64,"column":2}},"33":{"start":{"line":59,"column":4},"end":{"line":61,"column":5}},"34":{"start":{"line":60,"column":8},"end":{"line":60,"column":29}},"35":{"start":{"line":63,"column":4},"end":{"line":63,"column":53}},"36":{"start":{"line":66,"column":0},"end":{"line":66,"column":37}}},"branchMap":{"1":{"line":12,"type":"if","locations":[{"start":{"line":12,"column":4},"end":{"line":12,"column":4}},{"start":{"line":12,"column":4},"end":{"line":12,"column":4}}]},"2":{"line":13,"type":"if","locations":[{"start":{"line":13,"column":8},"end":{"line":13,"column":8}},{"start":{"line":13,"column":8},"end":{"line":13,"column":8}}]},"3":{"line":20,"type":"if","locations":[{"start":{"line":20,"column":8},"end":{"line":20,"column":8}},{"start":{"line":20,"column":8},"end":{"line":20,"column":8}}]},"4":{"line":26,"type":"binary-expr","locations":[{"start":{"line":26,"column":58},"end":{"line":26,"column":79}},{"start":{"line":26,"column":83},"end":{"line":26,"column":84}}]},"5":{"line":32,"type":"binary-expr","locations":[{"start":{"line":32,"column":58},"end":{"line":32,"column":79}},{"start":{"line":32,"column":83},"end":{"line":32,"column":84}}]},"6":{"line":45,"type":"if","locations":[{"start":{"line":45,"column":4},"end":{"line":45,"column":4}},{"start":{"line":45,"column":4},"end":{"line":45,"column":4}}]},"7":{"line":46,"type":"binary-expr","locations":[{"start":{"line":46,"column":24},"end":{"line":46,"column":43}},{"start":{"line":46,"column":47},"end":{"line":46,"column":48}}]},"8":{"line":49,"type":"if","locations":[{"start":{"line":49,"column":8},"end":{"line":49,"column":8}},{"start":{"line":49,"column":8},"end":{"line":49,"column":8}}]},"9":{"line":59,"type":"if","locations":[{"start":{"line":59,"column":4},"end":{"line":59,"column":4}},{"start":{"line":59,"column":4},"end":{"line":59,"column":4}}]}},"code":["\"use strict\";","","var fakeServer = require(\"./fake_server\");","var fakeTimers = require(\"./fake_timers\");","","function Server() {}","Server.prototype = fakeServer;","","var fakeServerWithClock = new Server();","","fakeServerWithClock.addRequest = function addRequest(xhr) {","    if (xhr.async) {","        if (typeof setTimeout.clock === \"object\") {","            this.clock = setTimeout.clock;","        } else {","            this.clock = fakeTimers.useFakeTimers();","            this.resetClock = true;","        }","","        if (!this.longestTimeout) {","            var clockSetTimeout = this.clock.setTimeout;","            var clockSetInterval = this.clock.setInterval;","            var server = this;","","            this.clock.setTimeout = function (fn, timeout) {","                server.longestTimeout = Math.max(timeout, server.longestTimeout || 0);","","                return clockSetTimeout.apply(this, arguments);","            };","","            this.clock.setInterval = function (fn, timeout) {","                server.longestTimeout = Math.max(timeout, server.longestTimeout || 0);","","                return clockSetInterval.apply(this, arguments);","            };","        }","    }","","    return fakeServer.addRequest.call(this, xhr);","};","","fakeServerWithClock.respond = function respond() {","    var returnVal = fakeServer.respond.apply(this, arguments);","","    if (this.clock) {","        this.clock.tick(this.longestTimeout || 0);","        this.longestTimeout = 0;","","        if (this.resetClock) {","            this.clock.restore();","            this.resetClock = false;","        }","    }","","    return returnVal;","};","","fakeServerWithClock.restore = function restore() {","    if (this.clock) {","        this.clock.restore();","    }","","    return fakeServer.restore.apply(this, arguments);","};","","module.exports = fakeServerWithClock;",""],"l":{"3":1,"4":1,"6":1,"7":1,"9":1,"11":1,"12":0,"13":0,"14":0,"16":0,"17":0,"20":0,"21":0,"22":0,"23":0,"25":0,"26":0,"28":0,"31":0,"32":0,"34":0,"39":0,"42":1,"43":0,"45":0,"46":0,"47":0,"49":0,"50":0,"51":0,"55":0,"58":1,"59":0,"60":0,"63":0,"66":1}}}